<?xml version="1.0"?>
<!DOCTYPE coverage SYSTEM "http://cobertura.sourceforge.net/xml/coverage-04.dtd">

<coverage line-rate="0.6703406813627254" branch-rate="0.5488505747126436" lines-covered="669" lines-valid="998" branches-covered="191" branches-valid="348" complexity="2.2419354838709675" version="2.1.1" timestamp="1457571985340">
	<sources>
		<source>--source</source>
		<source>C:/pleiades/4.5/workspace/log4jdbcEx/target/generated-sources/annotations</source>
		<source>C:/pleiades/4.5/workspace/log4jdbcEx/src/main/java</source>
	</sources>
	<packages>
		<package name="info.bunji.jdbc" line-rate="0.841726618705036" branch-rate="0.7236842105263158" complexity="2.2708333333333335">
			<classes>
				<class name="info.bunji.jdbc.ConnectionProxy" filename="info/bunji/jdbc/ConnectionProxy.java" line-rate="0.95" branch-rate="0.875" complexity="5.0">
					<methods>
						<method name="&lt;init&gt;" signature="(Ljava/sql/Connection;Ljava/lang/String;)V" line-rate="1.0" branch-rate="1.0" complexity="0">
							<lines>
								<line number="48" hits="22" branch="false"/>
								<line number="49" hits="22" branch="false"/>
								<line number="50" hits="22" branch="false"/>
							</lines>
						</method>
						<method name="invoke" signature="(Ljava/lang/Object;Ljava/lang/reflect/Method;[Ljava/lang/Object;)Ljava/lang/Object;" line-rate="0.9411764705882353" branch-rate="0.875" complexity="0">
							<lines>
								<line number="57" hits="51" branch="true" condition-coverage="50% (1/2)">
									<conditions>
										<condition number="0" type="jump" coverage="50%"/>
									</conditions>
								</line>
								<line number="58" hits="0" branch="false"/>
								<line number="62" hits="51" branch="false"/>
								<line number="63" hits="51" branch="true" condition-coverage="100% (2/2)">
									<conditions>
										<condition number="0" type="jump" coverage="100%"/>
									</conditions>
								</line>
								<line number="64" hits="9" branch="false"/>
								<line number="65" hits="9" branch="false"/>
								<line number="66" hits="9" branch="true" condition-coverage="100% (2/2)">
									<conditions>
										<condition number="0" type="jump" coverage="100%"/>
									</conditions>
								</line>
								<line number="67" hits="5" branch="false"/>
								<line number="68" hits="4" branch="false"/>
								<line number="69" hits="4" branch="true" condition-coverage="100% (2/2)">
									<conditions>
										<condition number="0" type="jump" coverage="100%"/>
									</conditions>
								</line>
								<line number="70" hits="2" branch="false"/>
								<line number="71" hits="2" branch="false"/>
								<line number="72" hits="2" branch="false"/>
								<line number="73" hits="35" branch="false"/>
								<line number="75" hits="50" branch="false"/>
								<line number="76" hits="1" branch="false"/>
								<line number="77" hits="1" branch="false"/>
							</lines>
						</method>
					</methods>
					<lines>
						<line number="48" hits="22" branch="false"/>
						<line number="49" hits="22" branch="false"/>
						<line number="50" hits="22" branch="false"/>
						<line number="57" hits="51" branch="true" condition-coverage="50% (1/2)">
							<conditions>
								<condition number="0" type="jump" coverage="50%"/>
							</conditions>
						</line>
						<line number="58" hits="0" branch="false"/>
						<line number="62" hits="51" branch="false"/>
						<line number="63" hits="51" branch="true" condition-coverage="100% (2/2)">
							<conditions>
								<condition number="0" type="jump" coverage="100%"/>
							</conditions>
						</line>
						<line number="64" hits="9" branch="false"/>
						<line number="65" hits="9" branch="false"/>
						<line number="66" hits="9" branch="true" condition-coverage="100% (2/2)">
							<conditions>
								<condition number="0" type="jump" coverage="100%"/>
							</conditions>
						</line>
						<line number="67" hits="5" branch="false"/>
						<line number="68" hits="4" branch="false"/>
						<line number="69" hits="4" branch="true" condition-coverage="100% (2/2)">
							<conditions>
								<condition number="0" type="jump" coverage="100%"/>
							</conditions>
						</line>
						<line number="70" hits="2" branch="false"/>
						<line number="71" hits="2" branch="false"/>
						<line number="72" hits="2" branch="false"/>
						<line number="73" hits="35" branch="false"/>
						<line number="75" hits="50" branch="false"/>
						<line number="76" hits="1" branch="false"/>
						<line number="77" hits="1" branch="false"/>
					</lines>
				</class>
				<class name="info.bunji.jdbc.DriverEx" filename="info/bunji/jdbc/DriverEx.java" line-rate="0.9142857142857143" branch-rate="1.0" complexity="1.1428571428571428">
					<methods>
						<method name="&lt;clinit&gt;" signature="()V" line-rate="0.92" branch-rate="1.0" complexity="0">
							<lines>
								<line number="43" hits="1" branch="false"/>
								<line number="46" hits="1" branch="false"/>
								<line number="47" hits="1" branch="false"/>
								<line number="48" hits="1" branch="false"/>
								<line number="49" hits="1" branch="false"/>
								<line number="50" hits="1" branch="false"/>
								<line number="51" hits="1" branch="false"/>
								<line number="52" hits="1" branch="false"/>
								<line number="53" hits="1" branch="false"/>
								<line number="54" hits="1" branch="false"/>
								<line number="55" hits="1" branch="false"/>
								<line number="56" hits="1" branch="false"/>
								<line number="57" hits="1" branch="false"/>
								<line number="58" hits="1" branch="false"/>
								<line number="59" hits="1" branch="false"/>
								<line number="63" hits="1" branch="false"/>
								<line number="64" hits="15" branch="false"/>
								<line number="66" hits="14" branch="false"/>
								<line number="67" hits="13" branch="false"/>
								<line number="69" hits="14" branch="false"/>
								<line number="74" hits="1" branch="false"/>
								<line number="75" hits="0" branch="false"/>
								<line number="76" hits="0" branch="false"/>
								<line number="77" hits="1" branch="false"/>
								<line number="78" hits="1" branch="false"/>
							</lines>
						</method>
						<method name="&lt;init&gt;" signature="()V" line-rate="1.0" branch-rate="1.0" complexity="0">
							<lines>
								<line number="34" hits="8" branch="false"/>
							</lines>
						</method>
						<method name="acceptsURL" signature="(Ljava/lang/String;)Z" line-rate="1.0" branch-rate="1.0" complexity="0">
							<lines>
								<line number="98" hits="2" branch="false"/>
								<line number="99" hits="2" branch="false"/>
							</lines>
						</method>
						<method name="connect" signature="(Ljava/lang/String;Ljava/util/Properties;)Ljava/sql/Connection;" line-rate="1.0" branch-rate="1.0" complexity="0">
							<lines>
								<line number="87" hits="3" branch="false"/>
								<line number="88" hits="3" branch="false"/>
							</lines>
						</method>
						<method name="getMajorVersion" signature="()I" line-rate="1.0" branch-rate="1.0" complexity="0">
							<lines>
								<line number="120" hits="1" branch="false"/>
							</lines>
						</method>
						<method name="getMinorVersion" signature="()I" line-rate="1.0" branch-rate="1.0" complexity="0">
							<lines>
								<line number="130" hits="1" branch="false"/>
							</lines>
						</method>
						<method name="getParentLogger" signature="()Ljava/util/logging/Logger;" line-rate="0.0" branch-rate="1.0" complexity="0">
							<lines>
								<line number="149" hits="0" branch="false"/>
							</lines>
						</method>
						<method name="getPropertyInfo" signature="(Ljava/lang/String;Ljava/util/Properties;)[Ljava/sql/DriverPropertyInfo;" line-rate="1.0" branch-rate="1.0" complexity="0">
							<lines>
								<line number="110" hits="1" branch="false"/>
							</lines>
						</method>
						<method name="jdbcCompliant" signature="()Z" line-rate="1.0" branch-rate="1.0" complexity="0">
							<lines>
								<line number="140" hits="1" branch="false"/>
							</lines>
						</method>
					</methods>
					<lines>
						<line number="34" hits="8" branch="false"/>
						<line number="43" hits="1" branch="false"/>
						<line number="46" hits="1" branch="false"/>
						<line number="47" hits="1" branch="false"/>
						<line number="48" hits="1" branch="false"/>
						<line number="49" hits="1" branch="false"/>
						<line number="50" hits="1" branch="false"/>
						<line number="51" hits="1" branch="false"/>
						<line number="52" hits="1" branch="false"/>
						<line number="53" hits="1" branch="false"/>
						<line number="54" hits="1" branch="false"/>
						<line number="55" hits="1" branch="false"/>
						<line number="56" hits="1" branch="false"/>
						<line number="57" hits="1" branch="false"/>
						<line number="58" hits="1" branch="false"/>
						<line number="59" hits="1" branch="false"/>
						<line number="63" hits="1" branch="false"/>
						<line number="64" hits="15" branch="false"/>
						<line number="66" hits="14" branch="false"/>
						<line number="67" hits="13" branch="false"/>
						<line number="69" hits="14" branch="false"/>
						<line number="74" hits="1" branch="false"/>
						<line number="75" hits="0" branch="false"/>
						<line number="76" hits="0" branch="false"/>
						<line number="77" hits="1" branch="false"/>
						<line number="78" hits="1" branch="false"/>
						<line number="87" hits="3" branch="false"/>
						<line number="88" hits="3" branch="false"/>
						<line number="98" hits="2" branch="false"/>
						<line number="99" hits="2" branch="false"/>
						<line number="110" hits="1" branch="false"/>
						<line number="120" hits="1" branch="false"/>
						<line number="130" hits="1" branch="false"/>
						<line number="140" hits="1" branch="false"/>
						<line number="149" hits="0" branch="false"/>
					</lines>
				</class>
				<class name="info.bunji.jdbc.DriverProxy" filename="info/bunji/jdbc/DriverProxy.java" line-rate="0.9285714285714286" branch-rate="0.9375" complexity="5.0">
					<methods>
						<method name="&lt;clinit&gt;" signature="()V" line-rate="1.0" branch-rate="1.0" complexity="0">
							<lines>
								<line number="39" hits="1" branch="false"/>
							</lines>
						</method>
						<method name="&lt;init&gt;" signature="()V" line-rate="1.0" branch-rate="1.0" complexity="0">
							<lines>
								<line number="34" hits="6" branch="false"/>
							</lines>
						</method>
						<method name="acceptsURL" signature="(Ljava/lang/String;)Z" line-rate="1.0" branch-rate="1.0" complexity="0">
							<lines>
								<line number="79" hits="6" branch="true" condition-coverage="100% (2/2)">
									<conditions>
										<condition number="0" type="jump" coverage="100%"/>
									</conditions>
								</line>
							</lines>
						</method>
						<method name="getRealDriver" signature="(Ljava/lang/String;)Ljava/sql/Driver;" line-rate="1.0" branch-rate="1.0" complexity="0">
							<lines>
								<line number="104" hits="31" branch="false"/>
								<line number="107" hits="31" branch="true" condition-coverage="100% (2/2)">
									<conditions>
										<condition number="0" type="jump" coverage="100%"/>
									</conditions>
								</line>
								<line number="108" hits="25" branch="false"/>
								<line number="109" hits="25" branch="false"/>
								<line number="111" hits="31" branch="false"/>
							</lines>
						</method>
						<method name="getRealUrl" signature="(Ljava/lang/String;)Ljava/lang/String;" line-rate="1.0" branch-rate="0.5" complexity="0">
							<lines>
								<line number="88" hits="46" branch="false"/>
								<line number="89" hits="46" branch="true" condition-coverage="50% (1/2)">
									<conditions>
										<condition number="0" type="jump" coverage="50%"/>
									</conditions>
								</line>
								<line number="91" hits="46" branch="false"/>
								<line number="93" hits="46" branch="false"/>
							</lines>
						</method>
						<method name="invoke" signature="(Ljava/lang/Object;Ljava/lang/reflect/Method;[Ljava/lang/Object;)Ljava/lang/Object;" line-rate="0.875" branch-rate="1.0" complexity="0">
							<lines>
								<line number="48" hits="35" branch="false"/>
								<line number="50" hits="35" branch="true" condition-coverage="100% (2/2)">
									<conditions>
										<condition number="0" type="jump" coverage="100%"/>
									</conditions>
								</line>
								<line number="51" hits="6" branch="false"/>
								<line number="52" hits="29" branch="true" condition-coverage="100% (2/2)">
									<conditions>
										<condition number="0" type="jump" coverage="100%"/>
									</conditions>
								</line>
								<line number="53" hits="24" branch="false"/>
								<line number="54" hits="24" branch="true" condition-coverage="100% (2/2)">
									<conditions>
										<condition number="0" type="jump" coverage="100%"/>
									</conditions>
								</line>
								<line number="55" hits="20" branch="false"/>
								<line number="56" hits="20" branch="false"/>
								<line number="57" hits="5" branch="true" condition-coverage="100% (2/2)">
									<conditions>
										<condition number="0" type="jump" coverage="100%"/>
									</conditions>
								</line>
								<line number="58" hits="1" branch="false"/>
								<line number="59" hits="1" branch="false"/>
								<line number="62" hits="4" branch="true" condition-coverage="100% (2/2)">
									<conditions>
										<condition number="0" type="jump" coverage="100%"/>
									</conditions>
								</line>
								<line number="64" hits="1" branch="false"/>
								<line number="66" hits="3" branch="false"/>
								<line number="67" hits="0" branch="false"/>
								<line number="68" hits="0" branch="false"/>
							</lines>
						</method>
					</methods>
					<lines>
						<line number="34" hits="6" branch="false"/>
						<line number="39" hits="1" branch="false"/>
						<line number="48" hits="35" branch="false"/>
						<line number="50" hits="35" branch="true" condition-coverage="100% (2/2)">
							<conditions>
								<condition number="0" type="jump" coverage="100%"/>
							</conditions>
						</line>
						<line number="51" hits="6" branch="false"/>
						<line number="52" hits="29" branch="true" condition-coverage="100% (2/2)">
							<conditions>
								<condition number="0" type="jump" coverage="100%"/>
							</conditions>
						</line>
						<line number="53" hits="24" branch="false"/>
						<line number="54" hits="24" branch="true" condition-coverage="100% (2/2)">
							<conditions>
								<condition number="0" type="jump" coverage="100%"/>
							</conditions>
						</line>
						<line number="55" hits="20" branch="false"/>
						<line number="56" hits="20" branch="false"/>
						<line number="57" hits="5" branch="true" condition-coverage="100% (2/2)">
							<conditions>
								<condition number="0" type="jump" coverage="100%"/>
							</conditions>
						</line>
						<line number="58" hits="1" branch="false"/>
						<line number="59" hits="1" branch="false"/>
						<line number="62" hits="4" branch="true" condition-coverage="100% (2/2)">
							<conditions>
								<condition number="0" type="jump" coverage="100%"/>
							</conditions>
						</line>
						<line number="64" hits="1" branch="false"/>
						<line number="66" hits="3" branch="false"/>
						<line number="67" hits="0" branch="false"/>
						<line number="68" hits="0" branch="false"/>
						<line number="79" hits="6" branch="true" condition-coverage="100% (2/2)">
							<conditions>
								<condition number="0" type="jump" coverage="100%"/>
							</conditions>
						</line>
						<line number="88" hits="46" branch="false"/>
						<line number="89" hits="46" branch="true" condition-coverage="50% (1/2)">
							<conditions>
								<condition number="0" type="jump" coverage="50%"/>
							</conditions>
						</line>
						<line number="91" hits="46" branch="false"/>
						<line number="93" hits="46" branch="false"/>
						<line number="104" hits="31" branch="false"/>
						<line number="107" hits="31" branch="true" condition-coverage="100% (2/2)">
							<conditions>
								<condition number="0" type="jump" coverage="100%"/>
							</conditions>
						</line>
						<line number="108" hits="25" branch="false"/>
						<line number="109" hits="25" branch="false"/>
						<line number="111" hits="31" branch="false"/>
					</lines>
				</class>
				<class name="info.bunji.jdbc.LoggerHelper" filename="info/bunji/jdbc/LoggerHelper.java" line-rate="0.8985507246376812" branch-rate="0.7857142857142857" complexity="1.4166666666666667">
					<methods>
						<method name="&lt;clinit&gt;" signature="()V" line-rate="1.0" branch-rate="1.0" complexity="0">
							<lines>
								<line number="58" hits="1" branch="false"/>
							</lines>
						</method>
						<method name="&lt;init&gt;" signature="(Ljava/lang/String;)V" line-rate="1.0" branch-rate="1.0" complexity="0">
							<lines>
								<line number="41" hits="37" branch="false"/>
								<line number="47" hits="37" branch="false"/>
								<line number="50" hits="37" branch="false"/>
								<line number="53" hits="37" branch="false"/>
								<line number="55" hits="37" branch="false"/>
								<line number="65" hits="37" branch="false"/>
								<line number="66" hits="37" branch="false"/>
								<line number="67" hits="37" branch="false"/>
								<line number="68" hits="37" branch="false"/>
							</lines>
						</method>
						<method name="addBatchList" signature="([Ljava/lang/Object;)V" line-rate="1.0" branch-rate="0.8333333333333334" complexity="0">
							<lines>
								<line number="117" hits="5" branch="true" condition-coverage="100% (2/2)">
									<conditions>
										<condition number="0" type="jump" coverage="100%"/>
									</conditions>
								</line>
								<line number="118" hits="5" branch="true" condition-coverage="75% (3/4)">
									<conditions>
										<condition number="0" type="jump" coverage="100%"/>
										<condition number="1" type="jump" coverage="50%"/>
									</conditions>
								</line>
								<line number="120" hits="2" branch="false"/>
								<line number="122" hits="3" branch="false"/>
								<line number="124" hits="5" branch="false"/>
							</lines>
						</method>
						<method name="addParameter" signature="(IILjava/lang/Object;)V" line-rate="1.0" branch-rate="1.0" complexity="0">
							<lines>
								<line number="224" hits="9" branch="true" condition-coverage="100% (2/2)">
									<conditions>
										<condition number="0" type="jump" coverage="100%"/>
									</conditions>
								</line>
								<line number="225" hits="5" branch="false"/>
								<line number="226" hits="5" branch="false"/>
							</lines>
						</method>
						<method name="addParameter" signature="(Ljava/lang/String;ILjava/lang/Object;)V" line-rate="0.0" branch-rate="1.0" complexity="0">
							<lines>
								<line number="231" hits="0" branch="false"/>
								<line number="232" hits="0" branch="false"/>
							</lines>
						</method>
						<method name="clearBatchList" signature="()V" line-rate="1.0" branch-rate="1.0" complexity="0">
							<lines>
								<line number="127" hits="3" branch="false"/>
								<line number="128" hits="3" branch="false"/>
							</lines>
						</method>
						<method name="clearParameterList" signature="()V" line-rate="1.0" branch-rate="1.0" complexity="0">
							<lines>
								<line number="131" hits="1" branch="false"/>
								<line number="132" hits="1" branch="false"/>
							</lines>
						</method>
						<method name="dumpSql" signature="()Ljava/lang/String;" line-rate="0.7368421052631579" branch-rate="0.6666666666666666" complexity="0">
							<lines>
								<line number="195" hits="9" branch="false"/>
								<line number="196" hits="9" branch="false"/>
								<line number="197" hits="9" branch="false"/>
								<line number="198" hits="9" branch="false"/>
								<line number="199" hits="14" branch="true" condition-coverage="100% (2/2)">
									<conditions>
										<condition number="0" type="jump" coverage="100%"/>
									</conditions>
								</line>
								<line number="201" hits="5" branch="false"/>
								<line number="202" hits="5" branch="false"/>
								<line number="203" hits="5" branch="true" condition-coverage="50% (1/2)">
									<conditions>
										<condition number="0" type="jump" coverage="50%"/>
									</conditions>
								</line>
								<line number="204" hits="5" branch="true" condition-coverage="50% (1/2)">
									<conditions>
										<condition number="0" type="jump" coverage="50%"/>
									</conditions>
								</line>
								<line number="205" hits="0" branch="false"/>
								<line number="207" hits="5" branch="false"/>
								<line number="210" hits="5" branch="false"/>
								<line number="211" hits="0" branch="false"/>
								<line number="212" hits="0" branch="false"/>
								<line number="213" hits="5" branch="false"/>
								<line number="215" hits="9" branch="false"/>
								<line number="216" hits="9" branch="false"/>
								<line number="217" hits="0" branch="false"/>
								<line number="218" hits="0" branch="false"/>
							</lines>
						</method>
						<method name="endExecute" signature="()V" line-rate="1.0" branch-rate="1.0" complexity="0">
							<lines>
								<line number="106" hits="8" branch="false"/>
								<line number="107" hits="8" branch="false"/>
							</lines>
						</method>
						<method name="getBatchList" signature="()Ljava/util/List;" line-rate="1.0" branch-rate="1.0" complexity="0">
							<lines>
								<line number="274" hits="6" branch="false"/>
							</lines>
						</method>
						<method name="getQueryId" signature="()Ljava/lang/String;" line-rate="1.0" branch-rate="1.0" complexity="0">
							<lines>
								<line number="263" hits="1" branch="false"/>
							</lines>
						</method>
						<method name="getSql" signature="()Ljava/lang/String;" line-rate="1.0" branch-rate="1.0" complexity="0">
							<lines>
								<line number="175" hits="8" branch="false"/>
							</lines>
						</method>
						<method name="getStartTime" signature="()J" line-rate="1.0" branch-rate="1.0" complexity="0">
							<lines>
								<line number="183" hits="20" branch="false"/>
							</lines>
						</method>
						<method name="isExecuteBatch" signature="()Z" line-rate="1.0" branch-rate="1.0" complexity="0">
							<lines>
								<line number="278" hits="6" branch="false"/>
							</lines>
						</method>
						<method name="reportBatchReturned" signature="()V" line-rate="1.0" branch-rate="1.0" complexity="0">
							<lines>
								<line number="145" hits="2" branch="false"/>
								<line number="146" hits="2" branch="false"/>
								<line number="148" hits="2" branch="false"/>
								<line number="149" hits="2" branch="false"/>
								<line number="150" hits="2" branch="false"/>
								<line number="151" hits="2" branch="false"/>
							</lines>
						</method>
						<method name="reportException" signature="(Ljava/lang/Throwable;[Ljava/lang/Object;)V" line-rate="1.0" branch-rate="1.0" complexity="0">
							<lines>
								<line number="160" hits="2" branch="false"/>
								<line number="161" hits="2" branch="false"/>
							</lines>
						</method>
						<method name="reportReturned" signature="()V" line-rate="1.0" branch-rate="1.0" complexity="0">
							<lines>
								<line number="135" hits="4" branch="false"/>
								<line number="136" hits="4" branch="false"/>
							</lines>
						</method>
						<method name="setSql" signature="(Ljava/lang/String;)Ljava/lang/String;" line-rate="1.0" branch-rate="1.0" complexity="0">
							<lines>
								<line number="170" hits="14" branch="false"/>
								<line number="171" hits="14" branch="false"/>
							</lines>
						</method>
						<method name="startExecute" signature="()V" line-rate="1.0" branch-rate="1.0" complexity="0">
							<lines>
								<line number="92" hits="8" branch="false"/>
								<line number="93" hits="8" branch="false"/>
								<line number="94" hits="8" branch="false"/>
								<line number="95" hits="8" branch="false"/>
							</lines>
						</method>
						<method name="startExecute" signature="(Ljava/lang/String;)V" line-rate="1.0" branch-rate="1.0" complexity="0">
							<lines>
								<line number="80" hits="8" branch="false"/>
								<line number="81" hits="8" branch="false"/>
								<line number="82" hits="8" branch="false"/>
							</lines>
						</method>
					</methods>
					<lines>
						<line number="41" hits="37" branch="false"/>
						<line number="47" hits="37" branch="false"/>
						<line number="50" hits="37" branch="false"/>
						<line number="53" hits="37" branch="false"/>
						<line number="55" hits="37" branch="false"/>
						<line number="58" hits="1" branch="false"/>
						<line number="65" hits="37" branch="false"/>
						<line number="66" hits="37" branch="false"/>
						<line number="67" hits="37" branch="false"/>
						<line number="68" hits="37" branch="false"/>
						<line number="80" hits="8" branch="false"/>
						<line number="81" hits="8" branch="false"/>
						<line number="82" hits="8" branch="false"/>
						<line number="92" hits="8" branch="false"/>
						<line number="93" hits="8" branch="false"/>
						<line number="94" hits="8" branch="false"/>
						<line number="95" hits="8" branch="false"/>
						<line number="106" hits="8" branch="false"/>
						<line number="107" hits="8" branch="false"/>
						<line number="117" hits="5" branch="true" condition-coverage="100% (2/2)">
							<conditions>
								<condition number="0" type="jump" coverage="100%"/>
							</conditions>
						</line>
						<line number="118" hits="5" branch="true" condition-coverage="75% (3/4)">
							<conditions>
								<condition number="0" type="jump" coverage="100%"/>
								<condition number="1" type="jump" coverage="50%"/>
							</conditions>
						</line>
						<line number="120" hits="2" branch="false"/>
						<line number="122" hits="3" branch="false"/>
						<line number="124" hits="5" branch="false"/>
						<line number="127" hits="3" branch="false"/>
						<line number="128" hits="3" branch="false"/>
						<line number="131" hits="1" branch="false"/>
						<line number="132" hits="1" branch="false"/>
						<line number="135" hits="4" branch="false"/>
						<line number="136" hits="4" branch="false"/>
						<line number="145" hits="2" branch="false"/>
						<line number="146" hits="2" branch="false"/>
						<line number="148" hits="2" branch="false"/>
						<line number="149" hits="2" branch="false"/>
						<line number="150" hits="2" branch="false"/>
						<line number="151" hits="2" branch="false"/>
						<line number="160" hits="2" branch="false"/>
						<line number="161" hits="2" branch="false"/>
						<line number="170" hits="14" branch="false"/>
						<line number="171" hits="14" branch="false"/>
						<line number="175" hits="8" branch="false"/>
						<line number="183" hits="20" branch="false"/>
						<line number="195" hits="9" branch="false"/>
						<line number="196" hits="9" branch="false"/>
						<line number="197" hits="9" branch="false"/>
						<line number="198" hits="9" branch="false"/>
						<line number="199" hits="14" branch="true" condition-coverage="100% (2/2)">
							<conditions>
								<condition number="0" type="jump" coverage="100%"/>
							</conditions>
						</line>
						<line number="201" hits="5" branch="false"/>
						<line number="202" hits="5" branch="false"/>
						<line number="203" hits="5" branch="true" condition-coverage="50% (1/2)">
							<conditions>
								<condition number="0" type="jump" coverage="50%"/>
							</conditions>
						</line>
						<line number="204" hits="5" branch="true" condition-coverage="50% (1/2)">
							<conditions>
								<condition number="0" type="jump" coverage="50%"/>
							</conditions>
						</line>
						<line number="205" hits="0" branch="false"/>
						<line number="207" hits="5" branch="false"/>
						<line number="210" hits="5" branch="false"/>
						<line number="211" hits="0" branch="false"/>
						<line number="212" hits="0" branch="false"/>
						<line number="213" hits="5" branch="false"/>
						<line number="215" hits="9" branch="false"/>
						<line number="216" hits="9" branch="false"/>
						<line number="217" hits="0" branch="false"/>
						<line number="218" hits="0" branch="false"/>
						<line number="224" hits="9" branch="true" condition-coverage="100% (2/2)">
							<conditions>
								<condition number="0" type="jump" coverage="100%"/>
							</conditions>
						</line>
						<line number="225" hits="5" branch="false"/>
						<line number="226" hits="5" branch="false"/>
						<line number="231" hits="0" branch="false"/>
						<line number="232" hits="0" branch="false"/>
						<line number="263" hits="1" branch="false"/>
						<line number="274" hits="6" branch="false"/>
						<line number="278" hits="6" branch="false"/>
					</lines>
				</class>
				<class name="info.bunji.jdbc.LoggerHelper$ParameterInfo" filename="info/bunji/jdbc/LoggerHelper.java" line-rate="0.8888888888888888" branch-rate="1.0" complexity="1.4166666666666667">
					<methods>
						<method name="&lt;init&gt;" signature="(ILjava/lang/String;Ljava/lang/Object;)V" line-rate="1.0" branch-rate="1.0" complexity="0">
							<lines>
								<line number="291" hits="5" branch="false"/>
								<line number="292" hits="5" branch="false"/>
								<line number="293" hits="5" branch="false"/>
								<line number="294" hits="5" branch="false"/>
								<line number="295" hits="5" branch="false"/>
							</lines>
						</method>
						<method name="create" signature="(ILjava/lang/Object;)Linfo/bunji/jdbc/LoggerHelper$ParameterInfo;" line-rate="1.0" branch-rate="1.0" complexity="0">
							<lines>
								<line number="298" hits="5" branch="false"/>
							</lines>
						</method>
						<method name="create" signature="(ILjava/lang/String;Ljava/lang/Object;)Linfo/bunji/jdbc/LoggerHelper$ParameterInfo;" line-rate="0.0" branch-rate="1.0" complexity="0">
							<lines>
								<line number="302" hits="0" branch="false"/>
							</lines>
						</method>
						<method name="getName" signature="()Ljava/lang/String;" line-rate="1.0" branch-rate="1.0" complexity="0">
							<lines>
								<line number="305" hits="5" branch="false"/>
							</lines>
						</method>
						<method name="getValue" signature="()Ljava/lang/Object;" line-rate="1.0" branch-rate="1.0" complexity="0">
							<lines>
								<line number="309" hits="5" branch="false"/>
							</lines>
						</method>
					</methods>
					<lines>
						<line number="291" hits="5" branch="false"/>
						<line number="292" hits="5" branch="false"/>
						<line number="293" hits="5" branch="false"/>
						<line number="294" hits="5" branch="false"/>
						<line number="295" hits="5" branch="false"/>
						<line number="298" hits="5" branch="false"/>
						<line number="302" hits="0" branch="false"/>
						<line number="305" hits="5" branch="false"/>
						<line number="309" hits="5" branch="false"/>
					</lines>
				</class>
				<class name="info.bunji.jdbc.ProxyFactory" filename="info/bunji/jdbc/ProxyFactory.java" line-rate="1.0" branch-rate="1.0" complexity="1.0">
					<methods>
						<method name="&lt;clinit&gt;" signature="()V" line-rate="1.0" branch-rate="1.0" complexity="0">
							<lines>
								<line number="31" hits="1" branch="false"/>
							</lines>
						</method>
						<method name="&lt;init&gt;" signature="()V" line-rate="1.0" branch-rate="1.0" complexity="0">
							<lines>
								<line number="34" hits="1" branch="false"/>
								<line number="35" hits="1" branch="false"/>
							</lines>
						</method>
						<method name="newProxyInstance" signature="(Ljava/lang/Class;Ljava/lang/reflect/InvocationHandler;)Ljava/lang/Object;" line-rate="1.0" branch-rate="1.0" complexity="0">
							<lines>
								<line number="83" hits="42" branch="false"/>
							</lines>
						</method>
						<method name="wrapCallableStatement" signature="(Ljava/sql/CallableStatement;Ljava/lang/String;Ljava/lang/String;)Ljava/sql/CallableStatement;" line-rate="1.0" branch-rate="1.0" complexity="0">
							<lines>
								<line number="69" hits="2" branch="false"/>
							</lines>
						</method>
						<method name="wrapConnection" signature="(Ljava/sql/Connection;Ljava/lang/String;)Ljava/sql/Connection;" line-rate="1.0" branch-rate="1.0" complexity="0">
							<lines>
								<line number="57" hits="21" branch="false"/>
							</lines>
						</method>
						<method name="wrapDriver" signature="()Ljava/sql/Driver;" line-rate="1.0" branch-rate="1.0" complexity="0">
							<lines>
								<line number="45" hits="6" branch="false"/>
							</lines>
						</method>
						<method name="wrapPreparedStatement" signature="(Ljava/sql/PreparedStatement;Ljava/lang/String;Ljava/lang/String;)Ljava/sql/PreparedStatement;" line-rate="1.0" branch-rate="1.0" complexity="0">
							<lines>
								<line number="65" hits="4" branch="false"/>
							</lines>
						</method>
						<method name="wrapStatement" signature="(Ljava/sql/Statement;Ljava/lang/String;)Ljava/sql/Statement;" line-rate="1.0" branch-rate="1.0" complexity="0">
							<lines>
								<line number="61" hits="9" branch="false"/>
							</lines>
						</method>
					</methods>
					<lines>
						<line number="31" hits="1" branch="false"/>
						<line number="34" hits="1" branch="false"/>
						<line number="35" hits="1" branch="false"/>
						<line number="45" hits="6" branch="false"/>
						<line number="57" hits="21" branch="false"/>
						<line number="61" hits="9" branch="false"/>
						<line number="65" hits="4" branch="false"/>
						<line number="69" hits="2" branch="false"/>
						<line number="83" hits="42" branch="false"/>
					</lines>
				</class>
				<class name="info.bunji.jdbc.StatementProxy" filename="info/bunji/jdbc/StatementProxy.java" line-rate="0.6103896103896104" branch-rate="0.5789473684210527" complexity="7.5">
					<methods>
						<method name="&lt;clinit&gt;" signature="()V" line-rate="1.0" branch-rate="1.0" complexity="0">
							<lines>
								<line number="51" hits="1" branch="false"/>
								<line number="55" hits="1" branch="false"/>
								<line number="136" hits="1" branch="false"/>
								<line number="139" hits="1" branch="false"/>
							</lines>
						</method>
						<method name="&lt;init&gt;" signature="(Ljava/sql/Statement;Ljava/lang/String;)V" line-rate="1.0" branch-rate="1.0" complexity="0">
							<lines>
								<line number="147" hits="15" branch="false"/>
								<line number="148" hits="15" branch="false"/>
								<line number="149" hits="15" branch="false"/>
							</lines>
						</method>
						<method name="&lt;init&gt;" signature="(Ljava/sql/Statement;Ljava/lang/String;Ljava/lang/String;)V" line-rate="1.0" branch-rate="1.0" complexity="0">
							<lines>
								<line number="158" hits="6" branch="false"/>
								<line number="159" hits="6" branch="false"/>
								<line number="160" hits="6" branch="false"/>
							</lines>
						</method>
						<method name="getParameterIndex" signature="(Ljava/lang/String;)I" line-rate="0.0" branch-rate="0.0" complexity="0">
							<lines>
								<line number="241" hits="0" branch="false"/>
								<line number="242" hits="0" branch="true" condition-coverage="0% (0/2)">
									<conditions>
										<condition number="0" type="jump" coverage="0%"/>
									</conditions>
								</line>
								<line number="244" hits="0" branch="false"/>
								<line number="246" hits="0" branch="false"/>
								<line number="248" hits="0" branch="false"/>
								<line number="249" hits="0" branch="true" condition-coverage="0% (0/2)">
									<conditions>
										<condition number="0" type="jump" coverage="0%"/>
									</conditions>
								</line>
								<line number="252" hits="0" branch="false"/>
								<line number="253" hits="0" branch="false"/>
								<line number="254" hits="0" branch="true" condition-coverage="0% (0/2)">
									<conditions>
										<condition number="0" type="jump" coverage="0%"/>
									</conditions>
								</line>
								<line number="255" hits="0" branch="false"/>
								<line number="256" hits="0" branch="false"/>
								<line number="257" hits="0" branch="false"/>
								<line number="259" hits="0" branch="false"/>
								<line number="262" hits="0" branch="false"/>
								<line number="264" hits="0" branch="false"/>
								<line number="265" hits="0" branch="false"/>
								<line number="266" hits="0" branch="true" condition-coverage="0% (0/2)">
									<conditions>
										<condition number="0" type="jump" coverage="0%"/>
									</conditions>
								</line>
								<line number="268" hits="0" branch="false"/>
								<line number="270" hits="0" branch="false"/>
								<line number="271" hits="0" branch="false"/>
								<line number="272" hits="0" branch="false"/>
								<line number="274" hits="0" branch="false"/>
								<line number="278" hits="0" branch="false"/>
								<line number="279" hits="0" branch="true" condition-coverage="0% (0/2)">
									<conditions>
										<condition number="0" type="jump" coverage="0%"/>
									</conditions>
								</line>
								<line number="280" hits="0" branch="false"/>
								<line number="281" hits="0" branch="true" condition-coverage="0% (0/2)">
									<conditions>
										<condition number="0" type="jump" coverage="0%"/>
									</conditions>
								</line>
								<line number="283" hits="0" branch="false"/>
							</lines>
						</method>
						<method name="invoke" signature="(Ljava/lang/Object;Ljava/lang/reflect/Method;[Ljava/lang/Object;)Ljava/lang/Object;" line-rate="0.925" branch-rate="0.8461538461538461" complexity="0">
							<lines>
								<line number="168" hits="28" branch="false"/>
								<line number="169" hits="28" branch="false"/>
								<line number="170" hits="28" branch="true" condition-coverage="100% (2/2)">
									<conditions>
										<condition number="0" type="jump" coverage="100%"/>
									</conditions>
								</line>
								<line number="171" hits="8" branch="false"/>
								<line number="172" hits="8" branch="true" condition-coverage="75% (3/4)">
									<conditions>
										<condition number="0" type="jump" coverage="100%"/>
										<condition number="1" type="jump" coverage="50%"/>
									</conditions>
								</line>
								<line number="173" hits="4" branch="true" condition-coverage="50% (1/2)">
									<conditions>
										<condition number="0" type="jump" coverage="50%"/>
									</conditions>
								</line>
								<line number="176" hits="8" branch="false"/>
								<line number="177" hits="8" branch="false"/>
								<line number="178" hits="6" branch="true" condition-coverage="100% (2/2)">
									<conditions>
										<condition number="0" type="jump" coverage="100%"/>
									</conditions>
								</line>
								<line number="179" hits="2" branch="false"/>
								<line number="181" hits="4" branch="false"/>
								<line number="183" hits="2" branch="false"/>
								<line number="184" hits="2" branch="false"/>
								<line number="185" hits="2" branch="false"/>
								<line number="187" hits="8" branch="false"/>
								<line number="188" hits="6" branch="false"/>
								<line number="189" hits="6" branch="false"/>
								<line number="191" hits="20" branch="false"/>
								<line number="192" hits="0" branch="false"/>
								<line number="193" hits="0" branch="false"/>
								<line number="194" hits="20" branch="false"/>
								<line number="196" hits="20" branch="true" condition-coverage="100% (2/2)">
									<conditions>
										<condition number="0" type="jump" coverage="100%"/>
									</conditions>
								</line>
								<line number="197" hits="5" branch="false"/>
								<line number="198" hits="15" branch="true" condition-coverage="100% (2/2)">
									<conditions>
										<condition number="0" type="jump" coverage="100%"/>
									</conditions>
								</line>
								<line number="199" hits="1" branch="false"/>
								<line number="200" hits="14" branch="true" condition-coverage="100% (2/2)">
									<conditions>
										<condition number="0" type="jump" coverage="100%"/>
									</conditions>
								</line>
								<line number="201" hits="1" branch="false"/>
								<line number="202" hits="13" branch="true" condition-coverage="50% (1/2)">
									<conditions>
										<condition number="0" type="jump" coverage="50%"/>
									</conditions>
								</line>
								<line number="209" hits="13" branch="true" condition-coverage="100% (2/2)">
									<conditions>
										<condition number="0" type="jump" coverage="100%"/>
									</conditions>
								</line>
								<line number="211" hits="1" branch="false"/>
								<line number="212" hits="12" branch="true" condition-coverage="100% (2/2)">
									<conditions>
										<condition number="0" type="jump" coverage="100%"/>
									</conditions>
								</line>
								<line number="213" hits="5" branch="false"/>
								<line number="214" hits="5" branch="false"/>
								<line number="215" hits="5" branch="true" condition-coverage="100% (2/2)">
									<conditions>
										<condition number="0" type="jump" coverage="100%"/>
									</conditions>
								</line>
								<line number="216" hits="1" branch="false"/>
								<line number="217" hits="1" branch="false"/>
								<line number="220" hits="5" branch="true" condition-coverage="50% (1/2)">
									<conditions>
										<condition number="0" type="jump" coverage="50%"/>
									</conditions>
								</line>
								<line number="222" hits="0" branch="false"/>
								<line number="224" hits="5" branch="false"/>
								<line number="228" hits="26" branch="false"/>
							</lines>
						</method>
					</methods>
					<lines>
						<line number="51" hits="1" branch="false"/>
						<line number="55" hits="1" branch="false"/>
						<line number="136" hits="1" branch="false"/>
						<line number="139" hits="1" branch="false"/>
						<line number="147" hits="15" branch="false"/>
						<line number="148" hits="15" branch="false"/>
						<line number="149" hits="15" branch="false"/>
						<line number="158" hits="6" branch="false"/>
						<line number="159" hits="6" branch="false"/>
						<line number="160" hits="6" branch="false"/>
						<line number="168" hits="28" branch="false"/>
						<line number="169" hits="28" branch="false"/>
						<line number="170" hits="28" branch="true" condition-coverage="100% (2/2)">
							<conditions>
								<condition number="0" type="jump" coverage="100%"/>
							</conditions>
						</line>
						<line number="171" hits="8" branch="false"/>
						<line number="172" hits="8" branch="true" condition-coverage="75% (3/4)">
							<conditions>
								<condition number="0" type="jump" coverage="100%"/>
								<condition number="1" type="jump" coverage="50%"/>
							</conditions>
						</line>
						<line number="173" hits="4" branch="true" condition-coverage="50% (1/2)">
							<conditions>
								<condition number="0" type="jump" coverage="50%"/>
							</conditions>
						</line>
						<line number="176" hits="8" branch="false"/>
						<line number="177" hits="8" branch="false"/>
						<line number="178" hits="6" branch="true" condition-coverage="100% (2/2)">
							<conditions>
								<condition number="0" type="jump" coverage="100%"/>
							</conditions>
						</line>
						<line number="179" hits="2" branch="false"/>
						<line number="181" hits="4" branch="false"/>
						<line number="183" hits="2" branch="false"/>
						<line number="184" hits="2" branch="false"/>
						<line number="185" hits="2" branch="false"/>
						<line number="187" hits="8" branch="false"/>
						<line number="188" hits="6" branch="false"/>
						<line number="189" hits="6" branch="false"/>
						<line number="191" hits="20" branch="false"/>
						<line number="192" hits="0" branch="false"/>
						<line number="193" hits="0" branch="false"/>
						<line number="194" hits="20" branch="false"/>
						<line number="196" hits="20" branch="true" condition-coverage="100% (2/2)">
							<conditions>
								<condition number="0" type="jump" coverage="100%"/>
							</conditions>
						</line>
						<line number="197" hits="5" branch="false"/>
						<line number="198" hits="15" branch="true" condition-coverage="100% (2/2)">
							<conditions>
								<condition number="0" type="jump" coverage="100%"/>
							</conditions>
						</line>
						<line number="199" hits="1" branch="false"/>
						<line number="200" hits="14" branch="true" condition-coverage="100% (2/2)">
							<conditions>
								<condition number="0" type="jump" coverage="100%"/>
							</conditions>
						</line>
						<line number="201" hits="1" branch="false"/>
						<line number="202" hits="13" branch="true" condition-coverage="50% (1/2)">
							<conditions>
								<condition number="0" type="jump" coverage="50%"/>
							</conditions>
						</line>
						<line number="209" hits="13" branch="true" condition-coverage="100% (2/2)">
							<conditions>
								<condition number="0" type="jump" coverage="100%"/>
							</conditions>
						</line>
						<line number="211" hits="1" branch="false"/>
						<line number="212" hits="12" branch="true" condition-coverage="100% (2/2)">
							<conditions>
								<condition number="0" type="jump" coverage="100%"/>
							</conditions>
						</line>
						<line number="213" hits="5" branch="false"/>
						<line number="214" hits="5" branch="false"/>
						<line number="215" hits="5" branch="true" condition-coverage="100% (2/2)">
							<conditions>
								<condition number="0" type="jump" coverage="100%"/>
							</conditions>
						</line>
						<line number="216" hits="1" branch="false"/>
						<line number="217" hits="1" branch="false"/>
						<line number="220" hits="5" branch="true" condition-coverage="50% (1/2)">
							<conditions>
								<condition number="0" type="jump" coverage="50%"/>
							</conditions>
						</line>
						<line number="222" hits="0" branch="false"/>
						<line number="224" hits="5" branch="false"/>
						<line number="228" hits="26" branch="false"/>
						<line number="241" hits="0" branch="false"/>
						<line number="242" hits="0" branch="true" condition-coverage="0% (0/2)">
							<conditions>
								<condition number="0" type="jump" coverage="0%"/>
							</conditions>
						</line>
						<line number="244" hits="0" branch="false"/>
						<line number="246" hits="0" branch="false"/>
						<line number="248" hits="0" branch="false"/>
						<line number="249" hits="0" branch="true" condition-coverage="0% (0/2)">
							<conditions>
								<condition number="0" type="jump" coverage="0%"/>
							</conditions>
						</line>
						<line number="252" hits="0" branch="false"/>
						<line number="253" hits="0" branch="false"/>
						<line number="254" hits="0" branch="true" condition-coverage="0% (0/2)">
							<conditions>
								<condition number="0" type="jump" coverage="0%"/>
							</conditions>
						</line>
						<line number="255" hits="0" branch="false"/>
						<line number="256" hits="0" branch="false"/>
						<line number="257" hits="0" branch="false"/>
						<line number="259" hits="0" branch="false"/>
						<line number="262" hits="0" branch="false"/>
						<line number="264" hits="0" branch="false"/>
						<line number="265" hits="0" branch="false"/>
						<line number="266" hits="0" branch="true" condition-coverage="0% (0/2)">
							<conditions>
								<condition number="0" type="jump" coverage="0%"/>
							</conditions>
						</line>
						<line number="268" hits="0" branch="false"/>
						<line number="270" hits="0" branch="false"/>
						<line number="271" hits="0" branch="false"/>
						<line number="272" hits="0" branch="false"/>
						<line number="274" hits="0" branch="false"/>
						<line number="278" hits="0" branch="false"/>
						<line number="279" hits="0" branch="true" condition-coverage="0% (0/2)">
							<conditions>
								<condition number="0" type="jump" coverage="0%"/>
							</conditions>
						</line>
						<line number="280" hits="0" branch="false"/>
						<line number="281" hits="0" branch="true" condition-coverage="0% (0/2)">
							<conditions>
								<condition number="0" type="jump" coverage="0%"/>
							</conditions>
						</line>
						<line number="283" hits="0" branch="false"/>
					</lines>
				</class>
				<class name="info.bunji.jdbc.StatementProxy$1" filename="info/bunji/jdbc/StatementProxy.java" line-rate="1.0" branch-rate="1.0" complexity="7.5">
					<methods>
						<method name="&lt;init&gt;" signature="()V" line-rate="1.0" branch-rate="1.0" complexity="0">
							<lines>
								<line number="55" hits="1" branch="false"/>
								<line number="57" hits="1" branch="false"/>
								<line number="61" hits="1" branch="false"/>
								<line number="63" hits="1" branch="false"/>
								<line number="67" hits="1" branch="false"/>
								<line number="71" hits="1" branch="false"/>
								<line number="73" hits="1" branch="false"/>
								<line number="75" hits="1" branch="false"/>
								<line number="77" hits="1" branch="false"/>
								<line number="81" hits="1" branch="false"/>
								<line number="85" hits="1" branch="false"/>
								<line number="88" hits="1" branch="false"/>
								<line number="90" hits="1" branch="false"/>
								<line number="92" hits="1" branch="false"/>
								<line number="94" hits="1" branch="false"/>
								<line number="96" hits="1" branch="false"/>
								<line number="99" hits="1" branch="false"/>
								<line number="103" hits="1" branch="false"/>
								<line number="105" hits="1" branch="false"/>
								<line number="108" hits="1" branch="false"/>
								<line number="112" hits="1" branch="false"/>
								<line number="114" hits="1" branch="false"/>
								<line number="116" hits="1" branch="false"/>
								<line number="118" hits="1" branch="false"/>
								<line number="120" hits="1" branch="false"/>
								<line number="122" hits="1" branch="false"/>
								<line number="125" hits="1" branch="false"/>
								<line number="128" hits="1" branch="false"/>
								<line number="130" hits="1" branch="false"/>
								<line number="132" hits="1" branch="false"/>
								<line number="133" hits="1" branch="false"/>
							</lines>
						</method>
					</methods>
					<lines>
						<line number="55" hits="1" branch="false"/>
						<line number="57" hits="1" branch="false"/>
						<line number="61" hits="1" branch="false"/>
						<line number="63" hits="1" branch="false"/>
						<line number="67" hits="1" branch="false"/>
						<line number="71" hits="1" branch="false"/>
						<line number="73" hits="1" branch="false"/>
						<line number="75" hits="1" branch="false"/>
						<line number="77" hits="1" branch="false"/>
						<line number="81" hits="1" branch="false"/>
						<line number="85" hits="1" branch="false"/>
						<line number="88" hits="1" branch="false"/>
						<line number="90" hits="1" branch="false"/>
						<line number="92" hits="1" branch="false"/>
						<line number="94" hits="1" branch="false"/>
						<line number="96" hits="1" branch="false"/>
						<line number="99" hits="1" branch="false"/>
						<line number="103" hits="1" branch="false"/>
						<line number="105" hits="1" branch="false"/>
						<line number="108" hits="1" branch="false"/>
						<line number="112" hits="1" branch="false"/>
						<line number="114" hits="1" branch="false"/>
						<line number="116" hits="1" branch="false"/>
						<line number="118" hits="1" branch="false"/>
						<line number="120" hits="1" branch="false"/>
						<line number="122" hits="1" branch="false"/>
						<line number="125" hits="1" branch="false"/>
						<line number="128" hits="1" branch="false"/>
						<line number="130" hits="1" branch="false"/>
						<line number="132" hits="1" branch="false"/>
						<line number="133" hits="1" branch="false"/>
					</lines>
				</class>
			</classes>
		</package>
		<package name="info.bunji.jdbc.logger" line-rate="0.7910447761194029" branch-rate="0.9" complexity="1.24">
			<classes>
				<class name="info.bunji.jdbc.logger.JdbcLogger" filename="info/bunji/jdbc/logger/JdbcLogger.java" line-rate="1.0" branch-rate="1.0" complexity="1.0">
					<methods>
					</methods>
					<lines>
					</lines>
				</class>
				<class name="info.bunji.jdbc.logger.JdbcLoggerFactory" filename="info/bunji/jdbc/logger/JdbcLoggerFactory.java" line-rate="0.7704918032786885" branch-rate="0.9" complexity="1.8571428571428572">
					<methods>
						<method name="&lt;clinit&gt;" signature="()V" line-rate="0.75" branch-rate="1.0" complexity="0">
							<lines>
								<line number="81" hits="1" branch="false"/>
								<line number="83" hits="1" branch="false"/>
								<line number="88" hits="1" branch="false"/>
								<line number="92" hits="1" branch="false"/>
								<line number="100" hits="1" branch="false"/>
								<line number="103" hits="1" branch="false"/>
								<line number="104" hits="1" branch="false"/>
								<line number="105" hits="1" branch="false"/>
								<line number="106" hits="0" branch="false"/>
								<line number="107" hits="0" branch="false"/>
								<line number="109" hits="1" branch="false"/>
								<line number="112" hits="1" branch="false"/>
								<line number="113" hits="1" branch="false"/>
								<line number="115" hits="1" branch="false"/>
								<line number="116" hits="0" branch="false"/>
								<line number="117" hits="0" branch="false"/>
								<line number="119" hits="1" branch="false"/>
								<line number="120" hits="0" branch="false"/>
								<line number="124" hits="0" branch="false"/>
								<line number="127" hits="1" branch="false"/>
								<line number="128" hits="0" branch="false"/>
								<line number="130" hits="1" branch="false"/>
								<line number="133" hits="1" branch="false"/>
								<line number="134" hits="1" branch="false"/>
								<line number="135" hits="2" branch="false"/>
								<line number="136" hits="1" branch="false"/>
								<line number="137" hits="1" branch="false"/>
								<line number="139" hits="1" branch="false"/>
								<line number="140" hits="1" branch="false"/>
								<line number="141" hits="1" branch="false"/>
								<line number="142" hits="1" branch="false"/>
								<line number="143" hits="1" branch="false"/>
								<line number="144" hits="0" branch="false"/>
								<line number="147" hits="1" branch="false"/>
								<line number="148" hits="0" branch="false"/>
								<line number="149" hits="1" branch="false"/>
							</lines>
						</method>
						<method name="&lt;init&gt;" signature="()V" line-rate="0.0" branch-rate="1.0" complexity="0">
							<lines>
								<line number="156" hits="0" branch="false"/>
								<line number="157" hits="0" branch="false"/>
							</lines>
						</method>
						<method name="getLogger" signature="()Linfo/bunji/jdbc/logger/JdbcLogger;" line-rate="1.0" branch-rate="1.0" complexity="0">
							<lines>
								<line number="219" hits="58" branch="false"/>
							</lines>
						</method>
						<method name="getLogger" signature="(Ljava/lang/String;)Linfo/bunji/jdbc/logger/JdbcLogger;" line-rate="0.8333333333333334" branch-rate="0.75" complexity="0">
							<lines>
								<line number="181" hits="103" branch="false"/>
								<line number="182" hits="103" branch="false"/>
								<line number="183" hits="103" branch="true" condition-coverage="100% (2/2)">
									<conditions>
										<condition number="0" type="jump" coverage="100%"/>
									</conditions>
								</line>
								<line number="185" hits="2" branch="false"/>
								<line number="186" hits="2" branch="true" condition-coverage="50% (1/2)">
									<conditions>
										<condition number="0" type="jump" coverage="50%"/>
									</conditions>
								</line>
								<line number="188" hits="2" branch="false"/>
								<line number="190" hits="2" branch="false"/>
								<line number="191" hits="0" branch="false"/>
								<line number="192" hits="0" branch="false"/>
								<line number="193" hits="2" branch="false"/>
								<line number="195" hits="103" branch="false"/>
								<line number="196" hits="103" branch="false"/>
							</lines>
						</method>
						<method name="getLoggerName" signature="(Ljava/lang/String;)Ljava/lang/String;" line-rate="1.0" branch-rate="1.0" complexity="0">
							<lines>
								<line number="168" hits="206" branch="false"/>
								<line number="169" hits="206" branch="true" condition-coverage="100% (2/2)">
									<conditions>
										<condition number="0" type="jump" coverage="100%"/>
									</conditions>
								</line>
							</lines>
						</method>
						<method name="getLoggers" signature="()Ljava/util/List;" line-rate="1.0" branch-rate="1.0" complexity="0">
							<lines>
								<line number="230" hits="13" branch="false"/>
								<line number="231" hits="13" branch="true" condition-coverage="100% (2/2)">
									<conditions>
										<condition number="0" type="jump" coverage="100%"/>
									</conditions>
								</line>
								<line number="232" hits="26" branch="true" condition-coverage="100% (2/2)">
									<conditions>
										<condition number="0" type="jump" coverage="100%"/>
									</conditions>
								</line>
								<line number="233" hits="13" branch="false"/>
								<line number="235" hits="26" branch="false"/>
								<line number="236" hits="13" branch="false"/>
							</lines>
						</method>
						<method name="getSetting" signature="(Ljava/lang/String;)Ljava/util/Map;" line-rate="0.0" branch-rate="1.0" complexity="0">
							<lines>
								<line number="248" hits="0" branch="false"/>
							</lines>
						</method>
						<method name="hasLogger" signature="(Ljava/lang/String;)Z" line-rate="1.0" branch-rate="1.0" complexity="0">
							<lines>
								<line number="208" hits="103" branch="false"/>
							</lines>
						</method>
					</methods>
					<lines>
						<line number="81" hits="1" branch="false"/>
						<line number="83" hits="1" branch="false"/>
						<line number="88" hits="1" branch="false"/>
						<line number="92" hits="1" branch="false"/>
						<line number="100" hits="1" branch="false"/>
						<line number="103" hits="1" branch="false"/>
						<line number="104" hits="1" branch="false"/>
						<line number="105" hits="1" branch="false"/>
						<line number="106" hits="0" branch="false"/>
						<line number="107" hits="0" branch="false"/>
						<line number="109" hits="1" branch="false"/>
						<line number="112" hits="1" branch="false"/>
						<line number="113" hits="1" branch="false"/>
						<line number="115" hits="1" branch="false"/>
						<line number="116" hits="0" branch="false"/>
						<line number="117" hits="0" branch="false"/>
						<line number="119" hits="1" branch="false"/>
						<line number="120" hits="0" branch="false"/>
						<line number="124" hits="0" branch="false"/>
						<line number="127" hits="1" branch="false"/>
						<line number="128" hits="0" branch="false"/>
						<line number="130" hits="1" branch="false"/>
						<line number="133" hits="1" branch="false"/>
						<line number="134" hits="1" branch="false"/>
						<line number="135" hits="2" branch="false"/>
						<line number="136" hits="1" branch="false"/>
						<line number="137" hits="1" branch="false"/>
						<line number="139" hits="1" branch="false"/>
						<line number="140" hits="1" branch="false"/>
						<line number="141" hits="1" branch="false"/>
						<line number="142" hits="1" branch="false"/>
						<line number="143" hits="1" branch="false"/>
						<line number="144" hits="0" branch="false"/>
						<line number="147" hits="1" branch="false"/>
						<line number="148" hits="0" branch="false"/>
						<line number="149" hits="1" branch="false"/>
						<line number="156" hits="0" branch="false"/>
						<line number="157" hits="0" branch="false"/>
						<line number="168" hits="206" branch="false"/>
						<line number="169" hits="206" branch="true" condition-coverage="100% (2/2)">
							<conditions>
								<condition number="0" type="jump" coverage="100%"/>
							</conditions>
						</line>
						<line number="181" hits="103" branch="false"/>
						<line number="182" hits="103" branch="false"/>
						<line number="183" hits="103" branch="true" condition-coverage="100% (2/2)">
							<conditions>
								<condition number="0" type="jump" coverage="100%"/>
							</conditions>
						</line>
						<line number="185" hits="2" branch="false"/>
						<line number="186" hits="2" branch="true" condition-coverage="50% (1/2)">
							<conditions>
								<condition number="0" type="jump" coverage="50%"/>
							</conditions>
						</line>
						<line number="188" hits="2" branch="false"/>
						<line number="190" hits="2" branch="false"/>
						<line number="191" hits="0" branch="false"/>
						<line number="192" hits="0" branch="false"/>
						<line number="193" hits="2" branch="false"/>
						<line number="195" hits="103" branch="false"/>
						<line number="196" hits="103" branch="false"/>
						<line number="208" hits="103" branch="false"/>
						<line number="219" hits="58" branch="false"/>
						<line number="230" hits="13" branch="false"/>
						<line number="231" hits="13" branch="true" condition-coverage="100% (2/2)">
							<conditions>
								<condition number="0" type="jump" coverage="100%"/>
							</conditions>
						</line>
						<line number="232" hits="26" branch="true" condition-coverage="100% (2/2)">
							<conditions>
								<condition number="0" type="jump" coverage="100%"/>
							</conditions>
						</line>
						<line number="233" hits="13" branch="false"/>
						<line number="235" hits="26" branch="false"/>
						<line number="236" hits="13" branch="false"/>
						<line number="248" hits="0" branch="false"/>
					</lines>
				</class>
				<class name="info.bunji.jdbc.logger.JdbcLoggerFactory$1" filename="info/bunji/jdbc/logger/JdbcLoggerFactory.java" line-rate="1.0" branch-rate="1.0" complexity="1.8571428571428572">
					<methods>
						<method name="&lt;init&gt;" signature="()V" line-rate="1.0" branch-rate="1.0" complexity="0">
							<lines>
								<line number="92" hits="1" branch="false"/>
								<line number="93" hits="1" branch="false"/>
								<line number="94" hits="1" branch="false"/>
								<line number="95" hits="1" branch="false"/>
								<line number="96" hits="1" branch="false"/>
								<line number="97" hits="1" branch="false"/>
							</lines>
						</method>
					</methods>
					<lines>
						<line number="92" hits="1" branch="false"/>
						<line number="93" hits="1" branch="false"/>
						<line number="94" hits="1" branch="false"/>
						<line number="95" hits="1" branch="false"/>
						<line number="96" hits="1" branch="false"/>
						<line number="97" hits="1" branch="false"/>
					</lines>
				</class>
			</classes>
		</package>
		<package name="info.bunji.jdbc.logger.impl" line-rate="0.5607142857142857" branch-rate="0.42857142857142855" complexity="2.0136986301369864">
			<classes>
				<class name="info.bunji.jdbc.logger.impl.AbstractJdbcLogger" filename="info/bunji/jdbc/logger/impl/AbstractJdbcLogger.java" line-rate="0.7746478873239436" branch-rate="0.5340909090909091" complexity="4.4375">
					<methods>
						<method name="&lt;init&gt;" signature="(Ljava/lang/String;)V" line-rate="0.9333333333333333" branch-rate="0.5" complexity="0">
							<lines>
								<line number="45" hits="2" branch="false"/>
								<line number="47" hits="2" branch="false"/>
								<line number="50" hits="2" branch="false"/>
								<line number="53" hits="2" branch="false"/>
								<line number="56" hits="2" branch="false"/>
								<line number="59" hits="2" branch="false"/>
								<line number="61" hits="2" branch="false"/>
								<line number="67" hits="2" branch="false"/>
								<line number="81" hits="2" branch="false"/>
								<line number="103" hits="2" branch="false"/>
								<line number="104" hits="2" branch="false"/>
								<line number="106" hits="2" branch="true" condition-coverage="50% (1/2)">
									<conditions>
										<condition number="0" type="jump" coverage="50%"/>
									</conditions>
								</line>
								<line number="107" hits="0" branch="false"/>
								<line number="109" hits="2" branch="false"/>
								<line number="111" hits="2" branch="false"/>
							</lines>
						</method>
						<method name="addExecStatement" signature="(Linfo/bunji/jdbc/LoggerHelper;)V" line-rate="1.0" branch-rate="1.0" complexity="0">
							<lines>
								<line number="183" hits="8" branch="false"/>
								<line number="184" hits="8" branch="false"/>
							</lines>
						</method>
						<method name="getConnectUrl" signature="()Ljava/lang/String;" line-rate="1.0" branch-rate="1.0" complexity="0">
							<lines>
								<line number="128" hits="13" branch="false"/>
							</lines>
						</method>
						<method name="getHistory" signature="()Ljava/util/Collection;" line-rate="0.36363636363636365" branch-rate="0.25" complexity="0">
							<lines>
								<line number="382" hits="1" branch="false"/>
								<line number="383" hits="1" branch="true" condition-coverage="50% (1/2)">
									<conditions>
										<condition number="0" type="jump" coverage="50%"/>
									</conditions>
								</line>
								<line number="384" hits="0" branch="false"/>
								<line number="385" hits="0" branch="true" condition-coverage="0% (0/2)">
									<conditions>
										<condition number="0" type="jump" coverage="0%"/>
									</conditions>
								</line>
								<line number="386" hits="0" branch="false"/>
								<line number="387" hits="0" branch="false"/>
								<line number="388" hits="0" branch="false"/>
								<line number="389" hits="0" branch="false"/>
								<line number="390" hits="0" branch="false"/>
								<line number="392" hits="1" branch="false"/>
								<line number="394" hits="1" branch="false"/>
							</lines>
						</method>
						<method name="getRunningQueries" signature="()Ljava/util/Collection;" line-rate="1.0" branch-rate="0.75" complexity="0">
							<lines>
								<line number="362" hits="2" branch="false"/>
								<line number="363" hits="2" branch="false"/>
								<line number="364" hits="2" branch="true" condition-coverage="100% (2/2)">
									<conditions>
										<condition number="0" type="jump" coverage="100%"/>
									</conditions>
								</line>
								<line number="365" hits="1" branch="true" condition-coverage="50% (1/2)">
									<conditions>
										<condition number="0" type="jump" coverage="50%"/>
									</conditions>
								</line>
								<line number="369" hits="1" branch="false"/>
								<line number="370" hits="1" branch="false"/>
								<line number="371" hits="1" branch="false"/>
								<line number="372" hits="2" branch="false"/>
								<line number="373" hits="2" branch="false"/>
							</lines>
						</method>
						<method name="getSetting" signature="()Ljava/util/Map;" line-rate="1.0" branch-rate="0.75" complexity="0">
							<lines>
								<line number="303" hits="10" branch="false"/>
								<line number="305" hits="10" branch="false"/>
								<line number="306" hits="10" branch="true" condition-coverage="50% (1/2)">
									<conditions>
										<condition number="0" type="jump" coverage="50%"/>
									</conditions>
								</line>
								<line number="307" hits="10" branch="true" condition-coverage="100% (2/2)">
									<conditions>
										<condition number="0" type="jump" coverage="100%"/>
									</conditions>
								</line>
								<line number="308" hits="10" branch="false"/>
								<line number="309" hits="10" branch="false"/>
								<line number="310" hits="10" branch="false"/>
								<line number="313" hits="10" branch="false"/>
							</lines>
						</method>
						<method name="getSpecifics" signature="()Linfo/bunji/jdbc/specifics/RdbmsSpecifics;" line-rate="1.0" branch-rate="1.0" complexity="0">
							<lines>
								<line number="119" hits="9" branch="false"/>
							</lines>
						</method>
						<method name="isLogging" signature="(Ljava/lang/String;J)Z" line-rate="0.8" branch-rate="0.3333333333333333" complexity="0">
							<lines>
								<line number="205" hits="8" branch="true" condition-coverage="25% (1/4)">
									<conditions>
										<condition number="0" type="jump" coverage="50%"/>
										<condition number="1" type="jump" coverage="0%"/>
									</conditions>
								</line>
								<line number="206" hits="8" branch="true" condition-coverage="50% (2/4)">
									<conditions>
										<condition number="0" type="jump" coverage="50%"/>
										<condition number="1" type="jump" coverage="50%"/>
									</conditions>
								</line>
								<line number="207" hits="8" branch="true" condition-coverage="25% (1/4)">
									<conditions>
										<condition number="0" type="jump" coverage="50%"/>
										<condition number="1" type="jump" coverage="0%"/>
									</conditions>
								</line>
								<line number="208" hits="8" branch="false"/>
								<line number="212" hits="0" branch="false"/>
							</lines>
						</method>
						<method name="removeExecStatement" signature="(Linfo/bunji/jdbc/LoggerHelper;)V" line-rate="1.0" branch-rate="1.0" complexity="0">
							<lines>
								<line number="192" hits="8" branch="false"/>
								<line number="193" hits="8" branch="false"/>
							</lines>
						</method>
						<method name="reportException" signature="(Linfo/bunji/jdbc/LoggerHelper;Ljava/lang/Throwable;[Ljava/lang/Object;)V" line-rate="0.42857142857142855" branch-rate="0.2" complexity="0">
							<lines>
								<line number="266" hits="2" branch="true" condition-coverage="50% (1/2)">
									<conditions>
										<condition number="0" type="jump" coverage="50%"/>
									</conditions>
								</line>
								<line number="268" hits="2" branch="true" condition-coverage="50% (1/2)">
									<conditions>
										<condition number="0" type="jump" coverage="50%"/>
									</conditions>
								</line>
								<line number="269" hits="0" branch="false"/>
								<line number="270" hits="0" branch="false"/>
								<line number="271" hits="0" branch="false"/>
								<line number="272" hits="0" branch="true" condition-coverage="0% (0/2)">
									<conditions>
										<condition number="0" type="jump" coverage="0%"/>
									</conditions>
								</line>
								<line number="273" hits="0" branch="false"/>
								<line number="274" hits="0" branch="true" condition-coverage="0% (0/2)">
									<conditions>
										<condition number="0" type="jump" coverage="0%"/>
									</conditions>
								</line>
								<line number="275" hits="0" branch="true" condition-coverage="0% (0/2)">
									<conditions>
										<condition number="0" type="jump" coverage="0%"/>
									</conditions>
								</line>
								<line number="276" hits="0" branch="false"/>
								<line number="280" hits="0" branch="false"/>
								<line number="283" hits="0" branch="false"/>
								<line number="284" hits="0" branch="false"/>
								<line number="285" hits="2" branch="false"/>
								<line number="286" hits="2" branch="false"/>
								<line number="287" hits="2" branch="false"/>
								<line number="288" hits="2" branch="false"/>
								<line number="289" hits="2" branch="false"/>
								<line number="292" hits="0" branch="false"/>
								<line number="294" hits="2" branch="false"/>
								<line number="295" hits="2" branch="false"/>
							</lines>
						</method>
						<method name="reportReturned" signature="(Linfo/bunji/jdbc/LoggerHelper;[Ljava/lang/Object;)V" line-rate="0.88" branch-rate="0.4583333333333333" complexity="0">
							<lines>
								<line number="222" hits="6" branch="true" condition-coverage="50% (1/2)">
									<conditions>
										<condition number="0" type="jump" coverage="50%"/>
									</conditions>
								</line>
								<line number="223" hits="6" branch="false"/>
								<line number="224" hits="6" branch="true" condition-coverage="100% (2/2)">
									<conditions>
										<condition number="0" type="jump" coverage="100%"/>
									</conditions>
								</line>
								<line number="225" hits="4" branch="false"/>
								<line number="226" hits="4" branch="true" condition-coverage="50% (1/2)">
									<conditions>
										<condition number="0" type="jump" coverage="50%"/>
									</conditions>
								</line>
								<line number="227" hits="4" branch="true" condition-coverage="25% (1/4)">
									<conditions>
										<condition number="0" type="jump" coverage="50%"/>
										<condition number="1" type="jump" coverage="0%"/>
									</conditions>
								</line>
								<line number="228" hits="0" branch="false"/>
								<line number="230" hits="4" branch="false"/>
								<line number="232" hits="4" branch="false"/>
								<line number="234" hits="4" branch="true" condition-coverage="50% (1/2)">
									<conditions>
										<condition number="0" type="jump" coverage="50%"/>
									</conditions>
								</line>
								<line number="236" hits="2" branch="false"/>
								<line number="237" hits="2" branch="false"/>
								<line number="238" hits="2" branch="true" condition-coverage="100% (2/2)">
									<conditions>
										<condition number="0" type="jump" coverage="100%"/>
									</conditions>
								</line>
								<line number="239" hits="4" branch="true" condition-coverage="50% (1/2)">
									<conditions>
										<condition number="0" type="jump" coverage="50%"/>
									</conditions>
								</line>
								<line number="240" hits="4" branch="true" condition-coverage="25% (1/4)">
									<conditions>
										<condition number="0" type="jump" coverage="50%"/>
										<condition number="1" type="jump" coverage="0%"/>
									</conditions>
								</line>
								<line number="241" hits="0" branch="false"/>
								<line number="243" hits="4" branch="false"/>
								<line number="245" hits="4" branch="false"/>
								<line number="247" hits="4" branch="false"/>
								<line number="248" hits="4" branch="false"/>
								<line number="249" hits="2" branch="true" condition-coverage="25% (1/4)">
									<conditions>
										<condition number="0" type="jump" coverage="50%"/>
										<condition number="1" type="jump" coverage="0%"/>
									</conditions>
								</line>
								<line number="250" hits="2" branch="false"/>
								<line number="254" hits="0" branch="false"/>
								<line number="256" hits="6" branch="false"/>
								<line number="257" hits="6" branch="false"/>
							</lines>
						</method>
						<method name="setAcceptFilter" signature="(Ljava/lang/String;)V" line-rate="0.5714285714285714" branch-rate="0.5" complexity="0">
							<lines>
								<line number="137" hits="4" branch="true" condition-coverage="50% (2/4)">
									<conditions>
										<condition number="0" type="jump" coverage="50%"/>
										<condition number="1" type="jump" coverage="50%"/>
									</conditions>
								</line>
								<line number="138" hits="0" branch="false"/>
								<line number="142" hits="4" branch="false"/>
								<line number="144" hits="0" branch="false"/>
								<line number="145" hits="0" branch="false"/>
								<line number="146" hits="4" branch="false"/>
								<line number="148" hits="4" branch="false"/>
							</lines>
						</method>
						<method name="setIgnoreFilter" signature="(Ljava/lang/String;)V" line-rate="0.7142857142857143" branch-rate="0.75" complexity="0">
							<lines>
								<line number="156" hits="4" branch="true" condition-coverage="75% (3/4)">
									<conditions>
										<condition number="0" type="jump" coverage="100%"/>
										<condition number="1" type="jump" coverage="50%"/>
									</conditions>
								</line>
								<line number="157" hits="3" branch="false"/>
								<line number="161" hits="1" branch="false"/>
								<line number="163" hits="0" branch="false"/>
								<line number="164" hits="0" branch="false"/>
								<line number="165" hits="1" branch="false"/>
								<line number="167" hits="4" branch="false"/>
							</lines>
						</method>
						<method name="setSetting" signature="(Ljava/util/Map;)Z" line-rate="0.8846153846153846" branch-rate="0.85" complexity="0">
							<lines>
								<line number="322" hits="12" branch="true" condition-coverage="100% (2/2)">
									<conditions>
										<condition number="0" type="jump" coverage="100%"/>
									</conditions>
								</line>
								<line number="324" hits="10" branch="true" condition-coverage="100% (2/2)">
									<conditions>
										<condition number="0" type="jump" coverage="100%"/>
									</conditions>
								</line>
								<line number="325" hits="25" branch="false"/>
								<line number="326" hits="25" branch="false"/>
								<line number="328" hits="25" branch="true" condition-coverage="100% (2/2)">
									<conditions>
										<condition number="0" type="jump" coverage="100%"/>
									</conditions>
								</line>
								<line number="329" hits="4" branch="false"/>
								<line number="330" hits="4" branch="false"/>
								<line number="331" hits="4" branch="true" condition-coverage="100% (2/2)">
									<conditions>
										<condition number="0" type="jump" coverage="100%"/>
									</conditions>
								</line>
								<line number="332" hits="3" branch="false"/>
								<line number="333" hits="3" branch="true" condition-coverage="50% (1/2)">
									<conditions>
										<condition number="0" type="jump" coverage="50%"/>
									</conditions>
								</line>
								<line number="334" hits="3" branch="true" condition-coverage="100% (2/2)">
									<conditions>
										<condition number="0" type="jump" coverage="100%"/>
									</conditions>
								</line>
								<line number="335" hits="4" branch="false"/>
								<line number="336" hits="14" branch="true" condition-coverage="100% (2/2)">
									<conditions>
										<condition number="0" type="jump" coverage="100%"/>
									</conditions>
								</line>
								<line number="337" hits="4" branch="false"/>
								<line number="338" hits="10" branch="true" condition-coverage="100% (2/2)">
									<conditions>
										<condition number="0" type="jump" coverage="100%"/>
									</conditions>
								</line>
								<line number="339" hits="9" branch="false"/>
								<line number="340" hits="1" branch="true" condition-coverage="50% (1/2)">
									<conditions>
										<condition number="0" type="jump" coverage="50%"/>
									</conditions>
								</line>
								<line number="341" hits="1" branch="false"/>
								<line number="342" hits="1" branch="true" condition-coverage="50% (1/2)">
									<conditions>
										<condition number="0" type="jump" coverage="50%"/>
									</conditions>
								</line>
								<line number="344" hits="0" branch="false"/>
								<line number="345" hits="0" branch="false"/>
								<line number="347" hits="0" branch="false"/>
								<line number="348" hits="25" branch="false"/>
								<line number="349" hits="25" branch="false"/>
								<line number="351" hits="10" branch="false"/>
								<line number="353" hits="10" branch="false"/>
							</lines>
						</method>
						<method name="setTimeThreshold" signature="(J)V" line-rate="1.0" branch-rate="1.0" complexity="0">
							<lines>
								<line number="174" hits="4" branch="false"/>
								<line number="175" hits="4" branch="false"/>
							</lines>
						</method>
					</methods>
					<lines>
						<line number="45" hits="2" branch="false"/>
						<line number="47" hits="2" branch="false"/>
						<line number="50" hits="2" branch="false"/>
						<line number="53" hits="2" branch="false"/>
						<line number="56" hits="2" branch="false"/>
						<line number="59" hits="2" branch="false"/>
						<line number="61" hits="2" branch="false"/>
[...]
						<line number="71" hits="2" branch="false"/>
						<line number="72" hits="0" branch="false"/>
						<line number="73" hits="0" branch="false"/>
						<line number="74" hits="0" branch="false"/>
						<line number="75" hits="2" branch="false"/>
						<line number="76" hits="2" branch="false"/>
						<line number="82" hits="8" branch="false"/>
						<line number="85" hits="8" branch="true" condition-coverage="100% (2/2)">
							<conditions>
								<condition number="0" type="jump" coverage="100%"/>
							</conditions>
						</line>
						<line number="86" hits="8" branch="false"/>
						<line number="87" hits="8" branch="false"/>
						<line number="88" hits="8" branch="true" condition-coverage="50% (1/2)">
							<conditions>
								<condition number="0" type="jump" coverage="50%"/>
							</conditions>
						</line>
						<line number="90" hits="8" branch="false"/>
						<line number="98" hits="8" branch="false"/>
						<line number="101" hits="8" branch="false"/>
						<line number="102" hits="8" branch="false"/>
						<line number="103" hits="8" branch="false"/>
						<line number="104" hits="8" branch="false"/>
						<line number="107" hits="10" branch="false"/>
						<line number="108" hits="10" branch="true" condition-coverage="100% (2/2)">
							<conditions>
								<condition number="0" type="jump" coverage="100%"/>
							</conditions>
						</line>
						<line number="109" hits="10" branch="false"/>
						<line number="110" hits="10" branch="false"/>
						<line number="111" hits="10" branch="false"/>
					</lines>
				</class>
			</classes>
		</package>
		<package name="info.bunji.jdbc.specifics" line-rate="0.4375" branch-rate="0.5" complexity="3.0">
			<classes>
				<class name="info.bunji.jdbc.specifics.DefaultRdbmsSpecifics" filename="info/bunji/jdbc/specifics/DefaultRdbmsSpecifics.java" line-rate="0.7368421052631579" branch-rate="0.7" complexity="3.6666666666666665">
					<methods>
						<method name="&lt;init&gt;" signature="()V" line-rate="1.0" branch-rate="1.0" complexity="0">
							<lines>
								<line number="27" hits="2" branch="false"/>
								<line number="29" hits="2" branch="false"/>
								<line number="31" hits="2" branch="false"/>
							</lines>
						</method>
						<method name="escapeString" signature="(Ljava/lang/String;)Ljava/lang/String;" line-rate="0.8571428571428571" branch-rate="0.75" complexity="0">
							<lines>
								<line number="61" hits="4" branch="false"/>
								<line number="62" hits="26" branch="true" condition-coverage="100% (2/2)">
									<conditions>
										<condition number="0" type="jump" coverage="100%"/>
									</conditions>
								</line>
								<line number="63" hits="22" branch="false"/>
								<line number="64" hits="22" branch="true" condition-coverage="50% (1/2)">
									<conditions>
										<condition number="0" type="jump" coverage="50%"/>
									</conditions>
								</line>
								<line number="65" hits="0" branch="false"/>
								<line number="67" hits="22" branch="false"/>
								<line number="69" hits="4" branch="false"/>
							</lines>
						</method>
						<method name="formatParameterObject" signature="(Ljava/lang/Object;)Ljava/lang/String;" line-rate="0.5555555555555556" branch-rate="0.6666666666666666" complexity="0">
							<lines>
								<line number="38" hits="5" branch="true" condition-coverage="50% (1/2)">
									<conditions>
										<condition number="0" type="jump" coverage="50%"/>
									</conditions>
								</line>
								<line number="39" hits="0" branch="false"/>
								<line number="41" hits="5" branch="true" condition-coverage="100% (2/2)">
									<conditions>
										<condition number="0" type="jump" coverage="100%"/>
									</conditions>
								</line>
								<line number="42" hits="4" branch="false"/>
								<line number="43" hits="1" branch="true" condition-coverage="50% (1/2)">
									<conditions>
										<condition number="0" type="jump" coverage="50%"/>
									</conditions>
								</line>
								<line number="44" hits="0" branch="false"/>
								<line number="45" hits="0" branch="false"/>
								<line number="46" hits="0" branch="false"/>
								<line number="48" hits="1" branch="false"/>
							</lines>
						</method>
					</methods>
					<lines>
						<line number="27" hits="2" branch="false"/>
						<line number="29" hits="2" branch="false"/>
						<line number="31" hits="2" branch="false"/>
						<line number="38" hits="5" branch="true" condition-coverage="50% (1/2)">
							<conditions>
								<condition number="0" type="jump" coverage="50%"/>
							</conditions>
						</line>
						<line number="39" hits="0" branch="false"/>
						<line number="41" hits="5" branch="true" condition-coverage="100% (2/2)">
							<conditions>
								<condition number="0" type="jump" coverage="100%"/>
							</conditions>
						</line>
						<line number="42" hits="4" branch="false"/>
						<line number="43" hits="1" branch="true" condition-coverage="50% (1/2)">
							<conditions>
								<condition number="0" type="jump" coverage="50%"/>
							</conditions>
						</line>
						<line number="44" hits="0" branch="false"/>
						<line number="45" hits="0" branch="false"/>
						<line number="46" hits="0" branch="false"/>
						<line number="48" hits="1" branch="false"/>
						<line number="61" hits="4" branch="false"/>
						<line number="62" hits="26" branch="true" condition-coverage="100% (2/2)">
							<conditions>
								<condition number="0" type="jump" coverage="100%"/>
							</conditions>
						</line>
						<line number="63" hits="22" branch="false"/>
						<line number="64" hits="22" branch="true" condition-coverage="50% (1/2)">
							<conditions>
								<condition number="0" type="jump" coverage="50%"/>
							</conditions>
						</line>
						<line number="65" hits="0" branch="false"/>
						<line number="67" hits="22" branch="false"/>
						<line number="69" hits="4" branch="false"/>
					</lines>
				</class>
				<class name="info.bunji.jdbc.specifics.OracleRdbmsSpecifics" filename="info/bunji/jdbc/specifics/OracleRdbmsSpecifics.java" line-rate="0.0" branch-rate="0.0" complexity="3.0">
					<methods>
						<method name="&lt;init&gt;" signature="()V" line-rate="0.0" branch-rate="1.0" complexity="0">
							<lines>
								<line number="28" hits="0" branch="false"/>
								<line number="30" hits="0" branch="false"/>
								<line number="33" hits="0" branch="false"/>
								<line number="34" hits="0" branch="false"/>
							</lines>
						</method>
						<method name="formatParameterObject" signature="(Ljava/lang/Object;)Ljava/lang/String;" line-rate="0.0" branch-rate="0.0" complexity="0">
							<lines>
								<line number="38" hits="0" branch="true" condition-coverage="0% (0/2)">
									<conditions>
										<condition number="0" type="jump" coverage="0%"/>
									</conditions>
								</line>
								<line number="39" hits="0" branch="false"/>
								<line number="40" hits="0" branch="false"/>
								<line number="41" hits="0" branch="false"/>
								<line number="42" hits="0" branch="true" condition-coverage="0% (0/2)">
									<conditions>
										<condition number="0" type="jump" coverage="0%"/>
									</conditions>
								</line>
								<line number="43" hits="0" branch="false"/>
								<line number="44" hits="0" branch="false"/>
								<line number="45" hits="0" branch="false"/>
								<line number="47" hits="0" branch="false"/>
							</lines>
						</method>
					</methods>
					<lines>
						<line number="28" hits="0" branch="false"/>
						<line number="30" hits="0" branch="false"/>
						<line number="33" hits="0" branch="false"/>
						<line number="34" hits="0" branch="false"/>
						<line number="38" hits="0" branch="true" condition-coverage="0% (0/2)">
							<conditions>
								<condition number="0" type="jump" coverage="0%"/>
							</conditions>
						</line>
						<line number="39" hits="0" branch="false"/>
						<line number="40" hits="0" branch="false"/>
						<line number="41" hits="0" branch="false"/>
						<line number="42" hits="0" branch="true" condition-coverage="0% (0/2)">
							<conditions>
								<condition number="0" type="jump" coverage="0%"/>
							</conditions>
						</line>
						<line number="43" hits="0" branch="false"/>
						<line number="44" hits="0" branch="false"/>
						<line number="45" hits="0" branch="false"/>
						<line number="47" hits="0" branch="false"/>
					</lines>
				</class>
				<class name="info.bunji.jdbc.specifics.RdbmsSpecifics" filename="info/bunji/jdbc/specifics/RdbmsSpecifics.java" line-rate="1.0" branch-rate="1.0" complexity="1.0">
					<methods>
					</methods>
					<lines>
					</lines>
				</class>
			</classes>
		</package>
		<package name="info.bunji.jdbc.util" line-rate="0.9137931034482759" branch-rate="0.875" complexity="6.0">
			<classes>
				<class name="info.bunji.jdbc.util.ClassScanUtil" filename="info/bunji/jdbc/util/ClassScanUtil.java" line-rate="0.9565217391304348" branch-rate="0.9090909090909091" complexity="7.5">
					<methods>
						<method name="&lt;clinit&gt;" signature="()V" line-rate="1.0" branch-rate="1.0" complexity="0">
							<lines>
								<line number="38" hits="1" branch="false"/>
							</lines>
						</method>
						<method name="&lt;init&gt;" signature="()V" line-rate="0.0" branch-rate="1.0" complexity="0">
							<lines>
								<line number="36" hits="0" branch="false"/>
							</lines>
						</method>
						<method name="findClassesFromPackage" signature="(Ljava/lang/ClassLoader;Ljava/lang/String;)Ljava/util/List;" line-rate="0.9767441860465116" branch-rate="0.9090909090909091" complexity="0">
							<lines>
								<line number="54" hits="3" branch="false"/>
								<line number="56" hits="3" branch="false"/>
								<line number="57" hits="3" branch="false"/>
								<line number="59" hits="8" branch="true" condition-coverage="100% (2/2)">
									<conditions>
										<condition number="0" type="jump" coverage="100%"/>
									</conditions>
								</line>
								<line number="60" hits="5" branch="false"/>
								<line number="61" hits="5" branch="true" condition-coverage="100% (2/2)">
									<conditions>
										<condition number="0" type="jump" coverage="100%"/>
									</conditions>
								</line>
								<line number="63" hits="2" branch="false"/>
								<line number="64" hits="2" branch="false"/>
								<line number="66" hits="2" branch="false"/>
								<line number="68" hits="2" branch="false"/>
								<line number="69" hits="262" branch="true" condition-coverage="100% (2/2)">
									<conditions>
										<condition number="0" type="jump" coverage="100%"/>
									</conditions>
								</line>
								<line number="70" hits="260" branch="false"/>
								<line number="71" hits="260" branch="true" condition-coverage="100% (4/4)">
									<conditions>
										<condition number="0" type="jump" coverage="100%"/>
										<condition number="1" type="jump" coverage="100%"/>
									</conditions>
								</line>
								<line number="72" hits="31" branch="false"/>
								<line number="73" hits="31" branch="false"/>
								<line number="74" hits="31" branch="true" condition-coverage="100% (2/2)">
									<conditions>
										<condition number="0" type="jump" coverage="100%"/>
									</conditions>
								</line>
								<line number="76" hits="9" branch="false"/>
								<line number="77" hits="9" branch="false"/>
								<line number="78" hits="9" branch="false"/>
								<line number="79" hits="9" branch="false"/>
								<line number="82" hits="260" branch="false"/>
								<line number="84" hits="2" branch="false"/>
								<line number="85" hits="2" branch="false"/>
								<line number="86" hits="2" branch="false"/>
								<line number="87" hits="3" branch="false"/>
								<line number="88" hits="3" branch="false"/>
								<line number="89" hits="3" branch="true" condition-coverage="50% (1/2)">
									<conditions>
										<condition number="0" type="jump" coverage="50%"/>
									</conditions>
								</line>
								<line number="90" hits="21" branch="true" condition-coverage="100% (2/2)">
									<conditions>
										<condition number="0" type="jump" coverage="100%"/>
									</conditions>
								</line>
								<line number="91" hits="18" branch="false"/>
								<line number="92" hits="18" branch="true" condition-coverage="100% (2/2)">
									<conditions>
										<condition number="0" type="jump" coverage="100%"/>
									</conditions>
								</line>
								<line number="93" hits="13" branch="false"/>
								<line number="95" hits="13" branch="false"/>
								<line number="96" hits="13" branch="false"/>
								<line number="97" hits="13" branch="false"/>
								<line number="98" hits="13" branch="false"/>
								<line number="103" hits="5" branch="false"/>
								<line number="106" hits="3" branch="false"/>
								<line number="107" hits="25" branch="true" condition-coverage="100% (2/2)">
									<conditions>
										<condition number="0" type="jump" coverage="100%"/>
									</conditions>
								</line>
								<line number="108" hits="22" branch="false"/>
								<line number="109" hits="22" branch="true" condition-coverage="50% (1/2)">
									<conditions>
										<condition number="0" type="jump" coverage="50%"/>
									</conditions>
								</line>
								<line number="110" hits="0" branch="false"/>
								<line number="112" hits="22" branch="false"/>
								<line number="113" hits="3" branch="false"/>
							</lines>
						</method>
						<method name="findClassesFromPackage" signature="(Ljava/lang/String;)Ljava/util/List;" line-rate="1.0" branch-rate="1.0" complexity="0">
							<lines>
								<line number="47" hits="3" branch="false"/>
							</lines>
						</method>
					</methods>
					<lines>
						<line number="36" hits="0" branch="false"/>
						<line number="38" hits="1" branch="false"/>
						<line number="47" hits="3" branch="false"/>
						<line number="54" hits="3" branch="false"/>
						<line number="56" hits="3" branch="false"/>
						<line number="57" hits="3" branch="false"/>
						<line number="59" hits="8" branch="true" condition-coverage="100% (2/2)">
							<conditions>
								<condition number="0" type="jump" coverage="100%"/>
							</conditions>
						</line>
						<line number="60" hits="5" branch="false"/>
						<line number="61" hits="5" branch="true" condition-coverage="100% (2/2)">
							<conditions>
								<condition number="0" type="jump" coverage="100%"/>
							</conditions>
						</line>
						<line number="63" hits="2" branch="false"/>
						<line number="64" hits="2" branch="false"/>
						<line number="66" hits="2" branch="false"/>
						<line number="68" hits="2" branch="false"/>
						<line number="69" hits="262" branch="true" condition-coverage="100% (2/2)">
							<conditions>
								<condition number="0" type="jump" coverage="100%"/>
							</conditions>
						</line>
						<line number="70" hits="260" branch="false"/>
						<line number="71" hits="260" branch="true" condition-coverage="100% (4/4)">
							<conditions>
								<condition number="0" type="jump" coverage="100%"/>
								<condition number="1" type="jump" coverage="100%"/>
							</conditions>
						</line>
						<line number="72" hits="31" branch="false"/>
						<line number="73" hits="31" branch="false"/>
						<line number="74" hits="31" branch="true" condition-coverage="100% (2/2)">
							<conditions>
								<condition number="0" type="jump" coverage="100%"/>
							</conditions>
						</line>
						<line number="76" hits="9" branch="false"/>
						<line number="77" hits="9" branch="false"/>
						<line number="78" hits="9" branch="false"/>
						<line number="79" hits="9" branch="false"/>
						<line number="82" hits="260" branch="false"/>
						<line number="84" hits="2" branch="false"/>
						<line number="85" hits="2" branch="false"/>
						<line number="86" hits="2" branch="false"/>
						<line number="87" hits="3" branch="false"/>
						<line number="88" hits="3" branch="false"/>
						<line number="89" hits="3" branch="true" condition-coverage="50% (1/2)">
							<conditions>
								<condition number="0" type="jump" coverage="50%"/>
							</conditions>
						</line>
						<line number="90" hits="21" branch="true" condition-coverage="100% (2/2)">
							<conditions>
								<condition number="0" type="jump" coverage="100%"/>
							</conditions>
						</line>
						<line number="91" hits="18" branch="false"/>
						<line number="92" hits="18" branch="true" condition-coverage="100% (2/2)">
							<conditions>
								<condition number="0" type="jump" coverage="100%"/>
							</conditions>
						</line>
						<line number="93" hits="13" branch="false"/>
						<line number="95" hits="13" branch="false"/>
						<line number="96" hits="13" branch="false"/>
						<line number="97" hits="13" branch="false"/>
						<line number="98" hits="13" branch="false"/>
						<line number="103" hits="5" branch="false"/>
						<line number="106" hits="3" branch="false"/>
						<line number="107" hits="25" branch="true" condition-coverage="100% (2/2)">
							<conditions>
								<condition number="0" type="jump" coverage="100%"/>
							</conditions>
						</line>
						<line number="108" hits="22" branch="false"/>
						<line number="109" hits="22" branch="true" condition-coverage="50% (1/2)">
							<conditions>
								<condition number="0" type="jump" coverage="50%"/>
							</conditions>
						</line>
						<line number="110" hits="0" branch="false"/>
						<line number="112" hits="22" branch="false"/>
						<line number="113" hits="3" branch="false"/>
					</lines>
				</class>
				<class name="info.bunji.jdbc.util.FormatUtils" filename="info/bunji/jdbc/util/FormatUtils.java" line-rate="0.75" branch-rate="0.5" complexity="3.0">
					<methods>
						<method name="&lt;clinit&gt;" signature="()V" line-rate="0.8" branch-rate="1.0" complexity="0">
							<lines>
								<line number="27" hits="1" branch="false"/>
								<line number="31" hits="1" branch="false"/>
								<line number="32" hits="0" branch="false"/>
								<line number="34" hits="1" branch="false"/>
								<line number="35" hits="1" branch="false"/>
							</lines>
						</method>
						<method name="&lt;init&gt;" signature="()V" line-rate="0.0" branch-rate="1.0" complexity="0">
							<lines>
								<line number="25" hits="0" branch="false"/>
							</lines>
						</method>
						<method name="formatSql" signature="(Ljava/lang/String;)Ljava/lang/String;" line-rate="0.8333333333333334" branch-rate="0.5" complexity="0">
							<lines>
								<line number="45" hits="1" branch="false"/>
								<line number="47" hits="1" branch="true" condition-coverage="50% (1/2)">
									<conditions>
										<condition number="0" type="jump" coverage="50%"/>
									</conditions>
								</line>
								<line number="48" hits="1" branch="false"/>
								<line number="50" hits="0" branch="false"/>
								<line number="52" hits="1" branch="false"/>
								<line number="53" hits="1" branch="false"/>
							</lines>
						</method>
					</methods>
					<lines>
						<line number="25" hits="0" branch="false"/>
						<line number="27" hits="1" branch="false"/>
						<line number="31" hits="1" branch="false"/>
						<line number="32" hits="0" branch="false"/>
						<line number="34" hits="1" branch="false"/>
						<line number="35" hits="1" branch="false"/>
						<line number="45" hits="1" branch="false"/>
						<line number="47" hits="1" branch="true" condition-coverage="50% (1/2)">
							<conditions>
								<condition number="0" type="jump" coverage="50%"/>
							</conditions>
						</line>
						<line number="48" hits="1" branch="false"/>
						<line number="50" hits="0" branch="false"/>
						<line number="52" hits="1" branch="false"/>
						<line number="53" hits="1" branch="false"/>
					</lines>
				</class>
			</classes>
		</package>
	</packages>
</coverage>
