<?xml version="1.0"?>
<!DOCTYPE coverage SYSTEM "http://cobertura.sourceforge.net/xml/coverage-04.dtd">

<coverage line-rate="0.8874045801526718" branch-rate="0.7460732984293194" lines-covered="930" lines-valid="1048" branches-covered="285" branches-valid="382" complexity="2.2989690721649483" version="2.1.1" timestamp="1463679512308">
	<sources>
		<source>C:/Users/bunji/Documents/GitHub/log4jdbcEx/src/main/java</source>
		<source>--source</source>
		<source>C:/Users/bunji/Documents/GitHub/log4jdbcEx/target/generated-sources/annotations</source>
	</sources>
	<packages>
		<package name="info.bunji.jdbc" line-rate="0.842809364548495" branch-rate="0.7093023255813954" complexity="2.3529411764705883">
			<classes>
				<class name="info.bunji.jdbc.ConnectionProxy" filename="info/bunji/jdbc/ConnectionProxy.java" line-rate="1.0" branch-rate="0.9" complexity="5.0">
					<methods>
						<method name="&lt;init&gt;" signature="(Ljava/sql/Connection;Ljava/lang/String;)V" line-rate="1.0" branch-rate="1.0" complexity="0">
							<lines>
								<line number="46" hits="24" branch="false"/>
								<line number="47" hits="24" branch="false"/>
								<line number="48" hits="24" branch="false"/>
							</lines>
						</method>
						<method name="invoke" signature="(Ljava/lang/Object;Ljava/lang/reflect/Method;[Ljava/lang/Object;)Ljava/lang/Object;" line-rate="1.0" branch-rate="0.9" complexity="0">
							<lines>
								<line number="59" hits="59" branch="false"/>
								<line number="60" hits="59" branch="true" condition-coverage="100% (2/2)">
									<conditions>
										<condition number="0" type="jump" coverage="100%"/>
									</conditions>
								</line>
								<line number="61" hits="10" branch="false"/>
								<line number="62" hits="10" branch="false"/>
								<line number="63" hits="10" branch="true" condition-coverage="100% (2/2)">
									<conditions>
										<condition number="0" type="jump" coverage="100%"/>
									</conditions>
								</line>
								<line number="64" hits="5" branch="false"/>
								<line number="65" hits="4" branch="false"/>
								<line number="66" hits="4" branch="true" condition-coverage="100% (2/2)">
									<conditions>
										<condition number="0" type="jump" coverage="100%"/>
									</conditions>
								</line>
								<line number="67" hits="3" branch="false"/>
								<line number="68" hits="3" branch="false"/>
								<line number="69" hits="3" branch="true" condition-coverage="75% (3/4)">
									<conditions>
										<condition number="0" type="jump" coverage="100%"/>
										<condition number="1" type="jump" coverage="50%"/>
									</conditions>
								</line>
								<line number="70" hits="18" branch="false"/>
								<line number="71" hits="18" branch="false"/>
								<line number="72" hits="18" branch="false"/>
								<line number="74" hits="23" branch="false"/>
								<line number="76" hits="58" branch="false"/>
								<line number="77" hits="1" branch="false"/>
								<line number="78" hits="1" branch="false"/>
								<line number="80" hits="59" branch="false"/>
							</lines>
						</method>
					</methods>
					<lines>
						<line number="46" hits="24" branch="false"/>
						<line number="47" hits="24" branch="false"/>
						<line number="48" hits="24" branch="false"/>
						<line number="59" hits="59" branch="false"/>
						<line number="60" hits="59" branch="true" condition-coverage="100% (2/2)">
							<conditions>
								<condition number="0" type="jump" coverage="100%"/>
							</conditions>
						</line>
						<line number="61" hits="10" branch="false"/>
						<line number="62" hits="10" branch="false"/>
						<line number="63" hits="10" branch="true" condition-coverage="100% (2/2)">
							<conditions>
								<condition number="0" type="jump" coverage="100%"/>
							</conditions>
						</line>
						<line number="64" hits="5" branch="false"/>
						<line number="65" hits="4" branch="false"/>
						<line number="66" hits="4" branch="true" condition-coverage="100% (2/2)">
							<conditions>
								<condition number="0" type="jump" coverage="100%"/>
							</conditions>
						</line>
						<line number="67" hits="3" branch="false"/>
						<line number="68" hits="3" branch="false"/>
						<line number="69" hits="3" branch="true" condition-coverage="75% (3/4)">
							<conditions>
								<condition number="0" type="jump" coverage="100%"/>
								<condition number="1" type="jump" coverage="50%"/>
							</conditions>
						</line>
						<line number="70" hits="18" branch="false"/>
						<line number="71" hits="18" branch="false"/>
						<line number="72" hits="18" branch="false"/>
						<line number="74" hits="23" branch="false"/>
						<line number="76" hits="58" branch="false"/>
						<line number="77" hits="1" branch="false"/>
						<line number="78" hits="1" branch="false"/>
						<line number="80" hits="59" branch="false"/>
					</lines>
				</class>
				<class name="info.bunji.jdbc.DriverEx" filename="info/bunji/jdbc/DriverEx.java" line-rate="0.9428571428571428" branch-rate="1.0" complexity="1.1428571428571428">
					<methods>
						<method name="&lt;clinit&gt;" signature="()V" line-rate="0.92" branch-rate="1.0" complexity="0">
							<lines>
								<line number="43" hits="2" branch="false"/>
								<line number="46" hits="2" branch="false"/>
								<line number="47" hits="2" branch="false"/>
								<line number="48" hits="2" branch="false"/>
								<line number="49" hits="2" branch="false"/>
								<line number="50" hits="2" branch="false"/>
								<line number="51" hits="2" branch="false"/>
								<line number="52" hits="2" branch="false"/>
								<line number="53" hits="2" branch="false"/>
								<line number="54" hits="2" branch="false"/>
								<line number="55" hits="2" branch="false"/>
								<line number="56" hits="2" branch="false"/>
								<line number="57" hits="2" branch="false"/>
								<line number="58" hits="2" branch="false"/>
								<line number="59" hits="2" branch="false"/>
								<line number="63" hits="2" branch="false"/>
								<line number="64" hits="30" branch="false"/>
								<line number="66" hits="28" branch="false"/>
								<line number="67" hits="26" branch="false"/>
								<line number="69" hits="28" branch="false"/>
								<line number="74" hits="2" branch="false"/>
								<line number="75" hits="0" branch="false"/>
								<line number="76" hits="0" branch="false"/>
								<line number="77" hits="2" branch="false"/>
								<line number="78" hits="2" branch="false"/>
							</lines>
						</method>
						<method name="&lt;init&gt;" signature="()V" line-rate="1.0" branch-rate="1.0" complexity="0">
							<lines>
								<line number="34" hits="10" branch="false"/>
							</lines>
						</method>
						<method name="acceptsURL" signature="(Ljava/lang/String;)Z" line-rate="1.0" branch-rate="1.0" complexity="0">
							<lines>
								<line number="98" hits="2" branch="false"/>
								<line number="99" hits="2" branch="false"/>
							</lines>
						</method>
						<method name="connect" signature="(Ljava/lang/String;Ljava/util/Properties;)Ljava/sql/Connection;" line-rate="1.0" branch-rate="1.0" complexity="0">
							<lines>
								<line number="87" hits="4" branch="false"/>
								<line number="88" hits="4" branch="false"/>
							</lines>
						</method>
						<method name="getMajorVersion" signature="()I" line-rate="1.0" branch-rate="1.0" complexity="0">
							<lines>
								<line number="120" hits="1" branch="false"/>
							</lines>
						</method>
						<method name="getMinorVersion" signature="()I" line-rate="1.0" branch-rate="1.0" complexity="0">
							<lines>
								<line number="130" hits="1" branch="false"/>
							</lines>
						</method>
						<method name="getParentLogger" signature="()Ljava/util/logging/Logger;" line-rate="1.0" branch-rate="1.0" complexity="0">
							<lines>
								<line number="149" hits="1" branch="false"/>
							</lines>
						</method>
						<method name="getPropertyInfo" signature="(Ljava/lang/String;Ljava/util/Properties;)[Ljava/sql/DriverPropertyInfo;" line-rate="1.0" branch-rate="1.0" complexity="0">
							<lines>
								<line number="110" hits="1" branch="false"/>
							</lines>
						</method>
						<method name="jdbcCompliant" signature="()Z" line-rate="1.0" branch-rate="1.0" complexity="0">
							<lines>
								<line number="140" hits="1" branch="false"/>
							</lines>
						</method>
					</methods>
					<lines>
						<line number="34" hits="10" branch="false"/>
						<line number="43" hits="2" branch="false"/>
						<line number="46" hits="2" branch="false"/>
						<line number="47" hits="2" branch="false"/>
						<line number="48" hits="2" branch="false"/>
						<line number="49" hits="2" branch="false"/>
						<line number="50" hits="2" branch="false"/>
						<line number="51" hits="2" branch="false"/>
						<line number="52" hits="2" branch="false"/>
						<line number="53" hits="2" branch="false"/>
						<line number="54" hits="2" branch="false"/>
						<line number="55" hits="2" branch="false"/>
						<line number="56" hits="2" branch="false"/>
						<line number="57" hits="2" branch="false"/>
						<line number="58" hits="2" branch="false"/>
						<line number="59" hits="2" branch="false"/>
						<line number="63" hits="2" branch="false"/>
						<line number="64" hits="30" branch="false"/>
						<line number="66" hits="28" branch="false"/>
						<line number="67" hits="26" branch="false"/>
						<line number="69" hits="28" branch="false"/>
						<line number="74" hits="2" branch="false"/>
						<line number="75" hits="0" branch="false"/>
						<line number="76" hits="0" branch="false"/>
						<line number="77" hits="2" branch="false"/>
						<line number="78" hits="2" branch="false"/>
						<line number="87" hits="4" branch="false"/>
						<line number="88" hits="4" branch="false"/>
						<line number="98" hits="2" branch="false"/>
						<line number="99" hits="2" branch="false"/>
						<line number="110" hits="1" branch="false"/>
						<line number="120" hits="1" branch="false"/>
						<line number="130" hits="1" branch="false"/>
						<line number="140" hits="1" branch="false"/>
						<line number="149" hits="1" branch="false"/>
					</lines>
				</class>
				<class name="info.bunji.jdbc.DriverProxy" filename="info/bunji/jdbc/DriverProxy.java" line-rate="0.8333333333333334" branch-rate="0.7916666666666666" complexity="6.5">
					<methods>
						<method name="&lt;clinit&gt;" signature="()V" line-rate="1.0" branch-rate="1.0" complexity="0">
							<lines>
								<line number="42" hits="2" branch="false"/>
							</lines>
						</method>
						<method name="&lt;init&gt;" signature="()V" line-rate="1.0" branch-rate="1.0" complexity="0">
							<lines>
								<line number="37" hits="8" branch="false"/>
							</lines>
						</method>
						<method name="acceptsURL" signature="(Ljava/lang/String;)Z" line-rate="1.0" branch-rate="1.0" complexity="0">
							<lines>
								<line number="102" hits="27" branch="true" condition-coverage="100% (2/2)">
									<conditions>
										<condition number="0" type="jump" coverage="100%"/>
									</conditions>
								</line>
							</lines>
						</method>
						<method name="getRealDriver" signature="(Ljava/lang/String;)Ljava/sql/Driver;" line-rate="1.0" branch-rate="1.0" complexity="0">
							<lines>
								<line number="127" hits="57" branch="false"/>
								<line number="130" hits="57" branch="true" condition-coverage="100% (4/4)">
									<conditions>
										<condition number="0" type="jump" coverage="100%"/>
										<condition number="1" type="jump" coverage="100%"/>
									</conditions>
								</line>
								<line number="131" hits="27" branch="false"/>
								<line number="132" hits="27" branch="false"/>
								<line number="134" hits="57" branch="false"/>
							</lines>
						</method>
						<method name="getRealUrl" signature="(Ljava/lang/String;)Ljava/lang/String;" line-rate="1.0" branch-rate="0.5" complexity="0">
							<lines>
								<line number="111" hits="50" branch="false"/>
								<line number="112" hits="50" branch="true" condition-coverage="50% (1/2)">
									<conditions>
										<condition number="0" type="jump" coverage="50%"/>
									</conditions>
								</line>
								<line number="114" hits="50" branch="false"/>
								<line number="116" hits="50" branch="false"/>
							</lines>
						</method>
						<method name="invoke" signature="(Ljava/lang/Object;Ljava/lang/reflect/Method;[Ljava/lang/Object;)Ljava/lang/Object;" line-rate="0.7666666666666667" branch-rate="0.75" complexity="0">
							<lines>
								<line number="51" hits="62" branch="false"/>
								<line number="53" hits="62" branch="true" condition-coverage="100% (2/2)">
									<conditions>
										<condition number="0" type="jump" coverage="100%"/>
									</conditions>
								</line>
								<line number="54" hits="27" branch="false"/>
								<line number="55" hits="35" branch="true" condition-coverage="100% (2/2)">
									<conditions>
										<condition number="0" type="jump" coverage="100%"/>
									</conditions>
								</line>
								<line number="56" hits="29" branch="false"/>
								<line number="57" hits="29" branch="true" condition-coverage="100% (2/2)">
									<conditions>
										<condition number="0" type="jump" coverage="100%"/>
									</conditions>
								</line>
								<line number="58" hits="22" branch="false"/>
								<line number="60" hits="22" branch="false"/>
								<line number="61" hits="22" branch="false"/>
								<line number="62" hits="22" branch="true" condition-coverage="50% (1/2)">
									<conditions>
										<condition number="0" type="jump" coverage="50%"/>
									</conditions>
								</line>
								<line number="63" hits="22" branch="false"/>
								<line number="65" hits="22" branch="false"/>
								<line number="66" hits="22" branch="true" condition-coverage="50% (1/2)">
									<conditions>
										<condition number="0" type="jump" coverage="50%"/>
									</conditions>
								</line>
								<line number="67" hits="22" branch="false"/>
								<line number="69" hits="0" branch="false"/>
								<line number="70" hits="0" branch="true" condition-coverage="0% (0/2)">
									<conditions>
										<condition number="0" type="jump" coverage="0%"/>
									</conditions>
								</line>
								<line number="71" hits="0" branch="false"/>
								<line number="73" hits="0" branch="false"/>
								<line number="74" hits="22" branch="false"/>
								<line number="75" hits="22" branch="false"/>
								<line number="77" hits="0" branch="false"/>
								<line number="79" hits="22" branch="false"/>
								<line number="80" hits="6" branch="true" condition-coverage="100% (2/2)">
									<conditions>
										<condition number="0" type="jump" coverage="100%"/>
									</conditions>
								</line>
								<line number="81" hits="1" branch="false"/>
								<line number="82" hits="1" branch="false"/>
								<line number="85" hits="5" branch="true" condition-coverage="100% (2/2)">
									<conditions>
										<condition number="0" type="jump" coverage="100%"/>
									</conditions>
								</line>
								<line number="87" hits="2" branch="false"/>
								<line number="89" hits="3" branch="false"/>
								<line number="90" hits="0" branch="false"/>
								<line number="91" hits="0" branch="false"/>
							</lines>
						</method>
					</methods>
					<lines>
						<line number="37" hits="8" branch="false"/>
						<line number="42" hits="2" branch="false"/>
						<line number="51" hits="62" branch="false"/>
						<line number="53" hits="62" branch="true" condition-coverage="100% (2/2)">
							<conditions>
								<condition number="0" type="jump" coverage="100%"/>
							</conditions>
						</line>
						<line number="54" hits="27" branch="false"/>
						<line number="55" hits="35" branch="true" condition-coverage="100% (2/2)">
							<conditions>
								<condition number="0" type="jump" coverage="100%"/>
							</conditions>
						</line>
						<line number="56" hits="29" branch="false"/>
						<line number="57" hits="29" branch="true" condition-coverage="100% (2/2)">
							<conditions>
								<condition number="0" type="jump" coverage="100%"/>
							</conditions>
						</line>
						<line number="58" hits="22" branch="false"/>
						<line number="60" hits="22" branch="false"/>
						<line number="61" hits="22" branch="false"/>
						<line number="62" hits="22" branch="true" condition-coverage="50% (1/2)">
							<conditions>
								<condition number="0" type="jump" coverage="50%"/>
							</conditions>
						</line>
						<line number="63" hits="22" branch="false"/>
						<line number="65" hits="22" branch="false"/>
						<line number="66" hits="22" branch="true" condition-coverage="50% (1/2)">
							<conditions>
								<condition number="0" type="jump" coverage="50%"/>
							</conditions>
						</line>
						<line number="67" hits="22" branch="false"/>
						<line number="69" hits="0" branch="false"/>
						<line number="70" hits="0" branch="true" condition-coverage="0% (0/2)">
							<conditions>
								<condition number="0" type="jump" coverage="0%"/>
							</conditions>
						</line>
						<line number="71" hits="0" branch="false"/>
						<line number="73" hits="0" branch="false"/>
						<line number="74" hits="22" branch="false"/>
						<line number="75" hits="22" branch="false"/>
						<line number="77" hits="0" branch="false"/>
						<line number="79" hits="22" branch="false"/>
						<line number="80" hits="6" branch="true" condition-coverage="100% (2/2)">
							<conditions>
								<condition number="0" type="jump" coverage="100%"/>
							</conditions>
						</line>
						<line number="81" hits="1" branch="false"/>
						<line number="82" hits="1" branch="false"/>
						<line number="85" hits="5" branch="true" condition-coverage="100% (2/2)">
							<conditions>
								<condition number="0" type="jump" coverage="100%"/>
							</conditions>
						</line>
						<line number="87" hits="2" branch="false"/>
						<line number="89" hits="3" branch="false"/>
						<line number="90" hits="0" branch="false"/>
						<line number="91" hits="0" branch="false"/>
						<line number="102" hits="27" branch="true" condition-coverage="100% (2/2)">
							<conditions>
								<condition number="0" type="jump" coverage="100%"/>
							</conditions>
						</line>
						<line number="111" hits="50" branch="false"/>
						<line number="112" hits="50" branch="true" condition-coverage="50% (1/2)">
							<conditions>
								<condition number="0" type="jump" coverage="50%"/>
							</conditions>
						</line>
						<line number="114" hits="50" branch="false"/>
						<line number="116" hits="50" branch="false"/>
						<line number="127" hits="57" branch="false"/>
						<line number="130" hits="57" branch="true" condition-coverage="100% (4/4)">
							<conditions>
								<condition number="0" type="jump" coverage="100%"/>
								<condition number="1" type="jump" coverage="100%"/>
							</conditions>
						</line>
						<line number="131" hits="27" branch="false"/>
						<line number="132" hits="27" branch="false"/>
						<line number="134" hits="57" branch="false"/>
					</lines>
				</class>
				<class name="info.bunji.jdbc.LoggerHelper" filename="info/bunji/jdbc/LoggerHelper.java" line-rate="0.9014084507042254" branch-rate="0.7857142857142857" complexity="1.3703703703703705">
					<methods>
						<method name="&lt;clinit&gt;" signature="()V" line-rate="1.0" branch-rate="1.0" complexity="0">
							<lines>
								<line number="58" hits="2" branch="false"/>
							</lines>
						</method>
						<method name="&lt;init&gt;" signature="(Ljava/lang/String;)V" line-rate="1.0" branch-rate="1.0" complexity="0">
							<lines>
								<line number="41" hits="41" branch="false"/>
								<line number="47" hits="41" branch="false"/>
								<line number="50" hits="41" branch="false"/>
								<line number="53" hits="41" branch="false"/>
								<line number="55" hits="41" branch="false"/>
								<line number="65" hits="41" branch="false"/>
								<line number="66" hits="41" branch="false"/>
								<line number="67" hits="41" branch="false"/>
								<line number="68" hits="41" branch="false"/>
							</lines>
						</method>
						<method name="addBatchList" signature="([Ljava/lang/Object;)V" line-rate="1.0" branch-rate="0.8333333333333334" complexity="0">
							<lines>
								<line number="138" hits="8" branch="true" condition-coverage="100% (2/2)">
									<conditions>
										<condition number="0" type="jump" coverage="100%"/>
									</conditions>
								</line>
								<line number="139" hits="8" branch="true" condition-coverage="75% (3/4)">
									<conditions>
										<condition number="0" type="jump" coverage="100%"/>
										<condition number="1" type="jump" coverage="50%"/>
									</conditions>
								</line>
								<line number="141" hits="2" branch="false"/>
								<line number="143" hits="6" branch="false"/>
								<line number="145" hits="8" branch="false"/>
							</lines>
						</method>
						<method name="addParameter" signature="(IILjava/lang/Object;)V" line-rate="1.0" branch-rate="1.0" complexity="0">
							<lines>
								<line number="245" hits="17" branch="true" condition-coverage="100% (2/2)">
									<conditions>
										<condition number="0" type="jump" coverage="100%"/>
									</conditions>
								</line>
								<line number="246" hits="9" branch="false"/>
								<line number="247" hits="9" branch="false"/>
							</lines>
						</method>
						<method name="addParameter" signature="(Ljava/lang/String;ILjava/lang/Object;)V" line-rate="0.0" branch-rate="1.0" complexity="0">
							<lines>
								<line number="252" hits="0" branch="false"/>
								<line number="253" hits="0" branch="false"/>
							</lines>
						</method>
						<method name="clearBatchList" signature="()V" line-rate="1.0" branch-rate="1.0" complexity="0">
							<lines>
								<line number="148" hits="4" branch="false"/>
								<line number="149" hits="4" branch="false"/>
							</lines>
						</method>
						<method name="clearParameterList" signature="()V" line-rate="1.0" branch-rate="1.0" complexity="0">
							<lines>
								<line number="152" hits="1" branch="false"/>
								<line number="153" hits="1" branch="false"/>
							</lines>
						</method>
						<method name="dumpSql" signature="()Ljava/lang/String;" line-rate="0.7368421052631579" branch-rate="0.6666666666666666" complexity="0">
							<lines>
								<line number="216" hits="29" branch="false"/>
								<line number="217" hits="29" branch="false"/>
								<line number="218" hits="29" branch="false"/>
								<line number="219" hits="29" branch="false"/>
								<line number="220" hits="42" branch="true" condition-coverage="100% (2/2)">
									<conditions>
										<condition number="0" type="jump" coverage="100%"/>
									</conditions>
								</line>
								<line number="222" hits="13" branch="false"/>
								<line number="223" hits="13" branch="false"/>
								<line number="224" hits="13" branch="true" condition-coverage="50% (1/2)">
									<conditions>
										<condition number="0" type="jump" coverage="50%"/>
									</conditions>
								</line>
								<line number="225" hits="13" branch="true" condition-coverage="50% (1/2)">
									<conditions>
										<condition number="0" type="jump" coverage="50%"/>
									</conditions>
								</line>
								<line number="226" hits="0" branch="false"/>
								<line number="228" hits="13" branch="false"/>
								<line number="231" hits="13" branch="false"/>
								<line number="232" hits="0" branch="false"/>
								<line number="233" hits="0" branch="false"/>
								<line number="234" hits="13" branch="false"/>
								<line number="236" hits="29" branch="false"/>
								<line number="237" hits="29" branch="false"/>
								<line number="238" hits="0" branch="false"/>
								<line number="239" hits="0" branch="false"/>
							</lines>
						</method>
						<method name="endExecute" signature="()V" line-rate="1.0" branch-rate="1.0" complexity="0">
							<lines>
								<line number="127" hits="70" branch="false"/>
								<line number="128" hits="70" branch="false"/>
							</lines>
						</method>
						<method name="getBatchList" signature="()Ljava/util/List;" line-rate="1.0" branch-rate="1.0" complexity="0">
							<lines>
								<line number="272" hits="7" branch="false"/>
							</lines>
						</method>
						<method name="getQueryId" signature="()Ljava/lang/String;" line-rate="1.0" branch-rate="1.0" complexity="0">
							<lines>
								<line number="261" hits="31" branch="false"/>
							</lines>
						</method>
						<method name="getSql" signature="()Ljava/lang/String;" line-rate="1.0" branch-rate="1.0" complexity="0">
							<lines>
								<line number="196" hits="11" branch="false"/>
							</lines>
						</method>
						<method name="getStartTime" signature="()J" line-rate="1.0" branch-rate="1.0" complexity="0">
							<lines>
								<line number="204" hits="87" branch="false"/>
							</lines>
						</method>
						<method name="getUrl" signature="()Ljava/lang/String;" line-rate="1.0" branch-rate="1.0" complexity="0">
							<lines>
								<line number="77" hits="1" branch="false"/>
							</lines>
						</method>
						<method name="isConnectionLogging" signature="()Z" line-rate="1.0" branch-rate="1.0" complexity="0">
							<lines>
								<line number="88" hits="18" branch="false"/>
							</lines>
						</method>
						<method name="isExecuteBatch" signature="()Z" line-rate="1.0" branch-rate="1.0" complexity="0">
							<lines>
								<line number="276" hits="27" branch="false"/>
							</lines>
						</method>
						<method name="reportBatchReturned" signature="()V" line-rate="1.0" branch-rate="1.0" complexity="0">
							<lines>
								<line number="166" hits="2" branch="false"/>
								<line number="167" hits="2" branch="false"/>
								<line number="169" hits="2" branch="false"/>
								<line number="170" hits="2" branch="false"/>
								<line number="171" hits="2" branch="false"/>
								<line number="172" hits="2" branch="false"/>
							</lines>
						</method>
						<method name="reportException" signature="(Ljava/lang/Throwable;[Ljava/lang/Object;)V" line-rate="1.0" branch-rate="1.0" complexity="0">
							<lines>
								<line number="181" hits="2" branch="false"/>
								<line number="182" hits="2" branch="false"/>
							</lines>
						</method>
						<method name="reportReturned" signature="()V" line-rate="1.0" branch-rate="1.0" complexity="0">
							<lines>
								<line number="156" hits="25" branch="false"/>
								<line number="157" hits="25" branch="false"/>
							</lines>
						</method>
						<method name="setSql" signature="(Ljava/lang/String;)Ljava/lang/String;" line-rate="1.0" branch-rate="1.0" complexity="0">
							<lines>
								<line number="191" hits="36" branch="false"/>
								<line number="192" hits="36" branch="false"/>
							</lines>
						</method>
						<method name="startExecute" signature="()V" line-rate="1.0" branch-rate="1.0" complexity="0">
							<lines>
								<line number="113" hits="29" branch="false"/>
								<line number="114" hits="29" branch="false"/>
								<line number="115" hits="29" branch="false"/>
								<line number="116" hits="29" branch="false"/>
							</lines>
						</method>
						<method name="startExecute" signature="(Ljava/lang/String;)V" line-rate="1.0" branch-rate="1.0" complexity="0">
							<lines>
								<line number="101" hits="29" branch="false"/>
								<line number="102" hits="29" branch="false"/>
								<line number="103" hits="29" branch="false"/>
							</lines>
						</method>
					</methods>
					<lines>
						<line number="41" hits="41" branch="false"/>
						<line number="47" hits="41" branch="false"/>
						<line number="50" hits="41" branch="false"/>
						<line number="53" hits="41" branch="false"/>
						<line number="55" hits="41" branch="false"/>
						<line number="58" hits="2" branch="false"/>
						<line number="65" hits="41" branch="false"/>
						<line number="66" hits="41" branch="false"/>
						<line number="67" hits="41" branch="false"/>
						<line number="68" hits="41" branch="false"/>
						<line number="77" hits="1" branch="false"/>
						<line number="88" hits="18" branch="false"/>
						<line number="101" hits="29" branch="false"/>
						<line number="102" hits="29" branch="false"/>
						<line number="103" hits="29" branch="false"/>
						<line number="113" hits="29" branch="false"/>
						<line number="114" hits="29" branch="false"/>
						<line number="115" hits="29" branch="false"/>
						<line number="116" hits="29" branch="false"/>
						<line number="127" hits="70" branch="false"/>
						<line number="128" hits="70" branch="false"/>
						<line number="138" hits="8" branch="true" condition-coverage="100% (2/2)">
							<conditions>
								<condition number="0" type="jump" coverage="100%"/>
							</conditions>
						</line>
						<line number="139" hits="8" branch="true" condition-coverage="75% (3/4)">
							<conditions>
								<condition number="0" type="jump" coverage="100%"/>
								<condition number="1" type="jump" coverage="50%"/>
							</conditions>
						</line>
						<line number="141" hits="2" branch="false"/>
						<line number="143" hits="6" branch="false"/>
						<line number="145" hits="8" branch="false"/>
						<line number="148" hits="4" branch="false"/>
						<line number="149" hits="4" branch="false"/>
						<line number="152" hits="1" branch="false"/>
						<line number="153" hits="1" branch="false"/>
						<line number="156" hits="25" branch="false"/>
						<line number="157" hits="25" branch="false"/>
						<line number="166" hits="2" branch="false"/>
						<line number="167" hits="2" branch="false"/>
						<line number="169" hits="2" branch="false"/>
						<line number="170" hits="2" branch="false"/>
						<line number="171" hits="2" branch="false"/>
						<line number="172" hits="2" branch="false"/>
						<line number="181" hits="2" branch="false"/>
						<line number="182" hits="2" branch="false"/>
						<line number="191" hits="36" branch="false"/>
						<line number="192" hits="36" branch="false"/>
						<line number="196" hits="11" branch="false"/>
						<line number="204" hits="87" branch="false"/>
						<line number="216" hits="29" branch="false"/>
						<line number="217" hits="29" branch="false"/>
						<line number="218" hits="29" branch="false"/>
						<line number="219" hits="29" branch="false"/>
						<line number="220" hits="42" branch="true" condition-coverage="100% (2/2)">
							<conditions>
								<condition number="0" type="jump" coverage="100%"/>
							</conditions>
						</line>
						<line number="222" hits="13" branch="false"/>
						<line number="223" hits="13" branch="false"/>
						<line number="224" hits="13" branch="true" condition-coverage="50% (1/2)">
							<conditions>
								<condition number="0" type="jump" coverage="50%"/>
							</conditions>
						</line>
						<line number="225" hits="13" branch="true" condition-coverage="50% (1/2)">
							<conditions>
								<condition number="0" type="jump" coverage="50%"/>
							</conditions>
						</line>
						<line number="226" hits="0" branch="false"/>
						<line number="228" hits="13" branch="false"/>
						<line number="231" hits="13" branch="false"/>
						<line number="232" hits="0" branch="false"/>
						<line number="233" hits="0" branch="false"/>
						<line number="234" hits="13" branch="false"/>
						<line number="236" hits="29" branch="false"/>
						<line number="237" hits="29" branch="false"/>
						<line number="238" hits="0" branch="false"/>
						<line number="239" hits="0" branch="false"/>
						<line number="245" hits="17" branch="true" condition-coverage="100% (2/2)">
							<conditions>
								<condition number="0" type="jump" coverage="100%"/>
							</conditions>
						</line>
						<line number="246" hits="9" branch="false"/>
						<line number="247" hits="9" branch="false"/>
						<line number="252" hits="0" branch="false"/>
						<line number="253" hits="0" branch="false"/>
						<line number="261" hits="31" branch="false"/>
						<line number="272" hits="7" branch="false"/>
						<line number="276" hits="27" branch="false"/>
					</lines>
				</class>
				<class name="info.bunji.jdbc.LoggerHelper$ParameterInfo" filename="info/bunji/jdbc/LoggerHelper.java" line-rate="0.8" branch-rate="1.0" complexity="1.3703703703703705">
					<methods>
						<method name="&lt;init&gt;" signature="(ILjava/lang/String;Ljava/lang/Object;)V" line-rate="1.0" branch-rate="1.0" complexity="0">
							<lines>
								<line number="289" hits="9" branch="false"/>
								<line number="290" hits="9" branch="false"/>
								<line number="291" hits="9" branch="false"/>
								<line number="292" hits="9" branch="false"/>
								<line number="293" hits="9" branch="false"/>
							</lines>
						</method>
						<method name="create" signature="(ILjava/lang/Object;)Linfo/bunji/jdbc/LoggerHelper$ParameterInfo;" line-rate="1.0" branch-rate="1.0" complexity="0">
							<lines>
								<line number="296" hits="9" branch="false"/>
							</lines>
						</method>
						<method name="create" signature="(ILjava/lang/String;Ljava/lang/Object;)Linfo/bunji/jdbc/LoggerHelper$ParameterInfo;" line-rate="0.0" branch-rate="1.0" complexity="0">
							<lines>
								<line number="300" hits="0" branch="false"/>
							</lines>
						</method>
						<method name="getName" signature="()Ljava/lang/String;" line-rate="1.0" branch-rate="1.0" complexity="0">
							<lines>
								<line number="303" hits="13" branch="false"/>
							</lines>
						</method>
						<method name="getType" signature="()I" line-rate="0.0" branch-rate="1.0" complexity="0">
							<lines>
								<line number="305" hits="0" branch="false"/>
							</lines>
						</method>
						<method name="getValue" signature="()Ljava/lang/Object;" line-rate="1.0" branch-rate="1.0" complexity="0">
							<lines>
								<line number="307" hits="13" branch="false"/>
							</lines>
						</method>
					</methods>
					<lines>
						<line number="289" hits="9" branch="false"/>
						<line number="290" hits="9" branch="false"/>
						<line number="291" hits="9" branch="false"/>
						<line number="292" hits="9" branch="false"/>
						<line number="293" hits="9" branch="false"/>
						<line number="296" hits="9" branch="false"/>
						<line number="300" hits="0" branch="false"/>
						<line number="303" hits="13" branch="false"/>
						<line number="305" hits="0" branch="false"/>
						<line number="307" hits="13" branch="false"/>
					</lines>
				</class>
				<class name="info.bunji.jdbc.ProxyFactory" filename="info/bunji/jdbc/ProxyFactory.java" line-rate="1.0" branch-rate="0.5" complexity="1.2857142857142858">
					<methods>
						<method name="&lt;clinit&gt;" signature="()V" line-rate="1.0" branch-rate="1.0" complexity="0">
							<lines>
								<line number="31" hits="2" branch="false"/>
							</lines>
						</method>
						<method name="&lt;init&gt;" signature="()V" line-rate="1.0" branch-rate="1.0" complexity="0">
							<lines>
								<line number="34" hits="2" branch="false"/>
								<line number="35" hits="2" branch="false"/>
							</lines>
						</method>
						<method name="newProxyInstance" signature="(Ljava/lang/Class;Ljava/lang/reflect/InvocationHandler;)Ljava/lang/Object;" line-rate="1.0" branch-rate="1.0" complexity="0">
							<lines>
								<line number="84" hits="48" branch="false"/>
							</lines>
						</method>
						<method name="wrapCallableStatement" signature="(Ljava/sql/CallableStatement;Ljava/lang/String;Ljava/lang/String;)Ljava/sql/CallableStatement;" line-rate="1.0" branch-rate="1.0" complexity="0">
							<lines>
								<line number="70" hits="3" branch="false"/>
							</lines>
						</method>
						<method name="wrapConnection" signature="(Ljava/sql/Connection;Ljava/lang/String;)Ljava/sql/Connection;" line-rate="1.0" branch-rate="0.5" complexity="0">
							<lines>
								<line number="57" hits="23" branch="true" condition-coverage="50% (1/2)">
									<conditions>
										<condition number="0" type="jump" coverage="50%"/>
									</conditions>
								</line>
								<line number="58" hits="23" branch="false"/>
							</lines>
						</method>
						<method name="wrapDriver" signature="()Ljava/sql/Driver;" line-rate="1.0" branch-rate="1.0" complexity="0">
							<lines>
								<line number="45" hits="8" branch="false"/>
							</lines>
						</method>
						<method name="wrapPreparedStatement" signature="(Ljava/sql/PreparedStatement;Ljava/lang/String;Ljava/lang/String;)Ljava/sql/PreparedStatement;" line-rate="1.0" branch-rate="1.0" complexity="0">
							<lines>
								<line number="66" hits="4" branch="false"/>
							</lines>
						</method>
						<method name="wrapStatement" signature="(Ljava/sql/Statement;Ljava/lang/String;)Ljava/sql/Statement;" line-rate="1.0" branch-rate="1.0" complexity="0">
							<lines>
								<line number="62" hits="10" branch="false"/>
							</lines>
						</method>
					</methods>
					<lines>
						<line number="31" hits="2" branch="false"/>
						<line number="34" hits="2" branch="false"/>
						<line number="35" hits="2" branch="false"/>
						<line number="45" hits="8" branch="false"/>
						<line number="57" hits="23" branch="true" condition-coverage="50% (1/2)">
							<conditions>
								<condition number="0" type="jump" coverage="50%"/>
							</conditions>
						</line>
						<line number="58" hits="23" branch="false"/>
						<line number="62" hits="10" branch="false"/>
						<line number="66" hits="4" branch="false"/>
						<line number="70" hits="3" branch="false"/>
						<line number="84" hits="48" branch="false"/>
					</lines>
				</class>
				<class name="info.bunji.jdbc.StatementProxy" filename="info/bunji/jdbc/StatementProxy.java" line-rate="0.6282051282051282" branch-rate="0.5833333333333334" complexity="7.5">
					<methods>
						<method name="&lt;clinit&gt;" signature="()V" line-rate="1.0" branch-rate="1.0" complexity="0">
							<lines>
								<line number="51" hits="1" branch="false"/>
								<line number="55" hits="1" branch="false"/>
								<line number="136" hits="1" branch="false"/>
								<line number="139" hits="1" branch="false"/>
							</lines>
						</method>
						<method name="&lt;init&gt;" signature="(Ljava/sql/Statement;Ljava/lang/String;)V" line-rate="1.0" branch-rate="1.0" complexity="0">
							<lines>
								<line number="147" hits="17" branch="false"/>
								<line number="148" hits="17" branch="false"/>
								<line number="149" hits="17" branch="false"/>
							</lines>
						</method>
						<method name="&lt;init&gt;" signature="(Ljava/sql/Statement;Ljava/lang/String;Ljava/lang/String;)V" line-rate="1.0" branch-rate="1.0" complexity="0">
							<lines>
								<line number="158" hits="7" branch="false"/>
								<line number="159" hits="7" branch="false"/>
								<line number="160" hits="7" branch="false"/>
							</lines>
						</method>
						<method name="getParameterIndex" signature="(Ljava/lang/String;)I" line-rate="0.0" branch-rate="0.0" complexity="0">
							<lines>
								<line number="253" hits="0" branch="false"/>
								<line number="254" hits="0" branch="true" condition-coverage="0% (0/2)">
									<conditions>
										<condition number="0" type="jump" coverage="0%"/>
									</conditions>
								</line>
								<line number="256" hits="0" branch="false"/>
								<line number="258" hits="0" branch="false"/>
								<line number="260" hits="0" branch="false"/>
								<line number="261" hits="0" branch="true" condition-coverage="0% (0/2)">
									<conditions>
										<condition number="0" type="jump" coverage="0%"/>
									</conditions>
								</line>
								<line number="264" hits="0" branch="false"/>
								<line number="265" hits="0" branch="false"/>
								<line number="266" hits="0" branch="true" condition-coverage="0% (0/2)">
									<conditions>
										<condition number="0" type="jump" coverage="0%"/>
									</conditions>
								</line>
								<line number="267" hits="0" branch="false"/>
								<line number="268" hits="0" branch="false"/>
								<line number="269" hits="0" branch="false"/>
								<line number="271" hits="0" branch="false"/>
								<line number="274" hits="0" branch="false"/>
								<line number="276" hits="0" branch="false"/>
								<line number="277" hits="0" branch="false"/>
								<line number="278" hits="0" branch="true" condition-coverage="0% (0/2)">
									<conditions>
										<condition number="0" type="jump" coverage="0%"/>
									</conditions>
								</line>
								<line number="280" hits="0" branch="false"/>
								<line number="282" hits="0" branch="false"/>
								<line number="283" hits="0" branch="false"/>
								<line number="284" hits="0" branch="false"/>
								<line number="286" hits="0" branch="false"/>
								<line number="290" hits="0" branch="false"/>
								<line number="291" hits="0" branch="true" condition-coverage="0% (0/2)">
									<conditions>
										<condition number="0" type="jump" coverage="0%"/>
									</conditions>
								</line>
								<line number="292" hits="0" branch="false"/>
								<line number="293" hits="0" branch="true" condition-coverage="0% (0/2)">
									<conditions>
										<condition number="0" type="jump" coverage="0%"/>
									</conditions>
								</line>
								<line number="295" hits="0" branch="false"/>
							</lines>
						</method>
						<method name="invoke" signature="(Ljava/lang/Object;Ljava/lang/reflect/Method;[Ljava/lang/Object;)Ljava/lang/Object;" line-rate="0.9512195121951219" branch-rate="0.875" complexity="0">
							<lines>
								<line number="168" hits="49" branch="false"/>
								<line number="169" hits="49" branch="false"/>
								<line number="170" hits="49" branch="true" condition-coverage="100% (2/2)">
									<conditions>
										<condition number="0" type="jump" coverage="100%"/>
									</conditions>
								</line>
								<line number="171" hits="11" branch="false"/>
								<line number="172" hits="11" branch="true" condition-coverage="75% (3/4)">
									<conditions>
										<condition number="0" type="jump" coverage="100%"/>
										<condition number="1" type="jump" coverage="50%"/>
									</conditions>
								</line>
								<line number="173" hits="4" branch="true" condition-coverage="50% (1/2)">
									<conditions>
										<condition number="0" type="jump" coverage="50%"/>
									</conditions>
								</line>
								<line number="176" hits="11" branch="false"/>
								<line number="177" hits="11" branch="false"/>
								<line number="178" hits="9" branch="true" condition-coverage="100% (2/2)">
									<conditions>
										<condition number="0" type="jump" coverage="100%"/>
									</conditions>
								</line>
								<line number="179" hits="2" branch="false"/>
								<line number="181" hits="7" branch="false"/>
								<line number="183" hits="2" branch="false"/>
								<line number="184" hits="2" branch="false"/>
								<line number="185" hits="2" branch="false"/>
								<line number="187" hits="11" branch="false"/>
								<line number="188" hits="9" branch="false"/>
								<line number="189" hits="9" branch="false"/>
								<line number="191" hits="38" branch="false"/>
								<line number="192" hits="1" branch="false"/>
								<line number="193" hits="1" branch="false"/>
								<line number="194" hits="37" branch="false"/>
								<line number="196" hits="37" branch="true" condition-coverage="100% (2/2)">
									<conditions>
										<condition number="0" type="jump" coverage="100%"/>
									</conditions>
								</line>
								<line number="197" hits="8" branch="false"/>
								<line number="198" hits="29" branch="true" condition-coverage="100% (2/2)">
									<conditions>
										<condition number="0" type="jump" coverage="100%"/>
									</conditions>
								</line>
								<line number="199" hits="2" branch="false"/>
								<line number="200" hits="27" branch="true" condition-coverage="100% (2/2)">
									<conditions>
										<condition number="0" type="jump" coverage="100%"/>
									</conditions>
								</line>
								<line number="201" hits="1" branch="false"/>
								<line number="216" hits="26" branch="true" condition-coverage="100% (2/2)">
									<conditions>
										<condition number="0" type="jump" coverage="100%"/>
									</conditions>
								</line>
								<line number="218" hits="1" branch="false"/>
								<line number="219" hits="25" branch="true" condition-coverage="100% (2/2)">
									<conditions>
										<condition number="0" type="jump" coverage="100%"/>
									</conditions>
								</line>
								<line number="221" hits="9" branch="false"/>
								<line number="222" hits="9" branch="false"/>
								<line number="223" hits="9" branch="true" condition-coverage="100% (2/2)">
									<conditions>
										<condition number="0" type="jump" coverage="100%"/>
									</conditions>
								</line>
								<line number="224" hits="1" branch="false"/>
								<line number="226" hits="1" branch="false"/>
								<line number="229" hits="9" branch="true" condition-coverage="50% (1/2)">
									<conditions>
										<condition number="0" type="jump" coverage="50%"/>
									</conditions>
								</line>
								<line number="231" hits="0" branch="false"/>
								<line number="233" hits="9" branch="false"/>
								<line number="235" hits="0" branch="false"/>
								<line number="237" hits="9" branch="false"/>
								<line number="240" hits="46" branch="false"/>
							</lines>
						</method>
					</methods>
					<lines>
						<line number="51" hits="1" branch="false"/>
						<line number="55" hits="1" branch="false"/>
						<line number="136" hits="1" branch="false"/>
						<line number="139" hits="1" branch="false"/>
						<line number="147" hits="17" branch="false"/>
						<line number="148" hits="17" branch="false"/>
						<line number="149" hits="17" branch="false"/>
						<line number="158" hits="7" branch="false"/>
						<line number="159" hits="7" branch="false"/>
						<line number="160" hits="7" branch="false"/>
						<line number="168" hits="49" branch="false"/>
						<line number="169" hits="49" branch="false"/>
						<line number="170" hits="49" branch="true" condition-coverage="100% (2/2)">
							<conditions>
								<condition number="0" type="jump" coverage="100%"/>
							</conditions>
						</line>
						<line number="171" hits="11" branch="false"/>
						<line number="172" hits="11" branch="true" condition-coverage="75% (3/4)">
							<conditions>
								<condition number="0" type="jump" coverage="100%"/>
								<condition number="1" type="jump" coverage="50%"/>
							</conditions>
						</line>
						<line number="173" hits="4" branch="true" condition-coverage="50% (1/2)">
							<conditions>
								<condition number="0" type="jump" coverage="50%"/>
							</conditions>
						</line>
						<line number="176" hits="11" branch="false"/>
						<line number="177" hits="11" branch="false"/>
						<line number="178" hits="9" branch="true" condition-coverage="100% (2/2)">
							<conditions>
								<condition number="0" type="jump" coverage="100%"/>
							</conditions>
						</line>
						<line number="179" hits="2" branch="false"/>
						<line number="181" hits="7" branch="false"/>
						<line number="183" hits="2" branch="false"/>
						<line number="184" hits="2" branch="false"/>
						<line number="185" hits="2" branch="false"/>
						<line number="187" hits="11" branch="false"/>
						<line number="188" hits="9" branch="false"/>
						<line number="189" hits="9" branch="false"/>
						<line number="191" hits="38" branch="false"/>
						<line number="192" hits="1" branch="false"/>
						<line number="193" hits="1" branch="false"/>
						<line number="194" hits="37" branch="false"/>
						<line number="196" hits="37" branch="true" condition-coverage="100% (2/2)">
							<conditions>
								<condition number="0" type="jump" coverage="100%"/>
							</conditions>
						</line>
						<line number="197" hits="8" branch="false"/>
						<line number="198" hits="29" branch="true" condition-coverage="100% (2/2)">
							<conditions>
								<condition number="0" type="jump" coverage="100%"/>
							</conditions>
						</line>
						<line number="199" hits="2" branch="false"/>
						<line number="200" hits="27" branch="true" condition-coverage="100% (2/2)">
							<conditions>
								<condition number="0" type="jump" coverage="100%"/>
							</conditions>
						</line>
						<line number="201" hits="1" branch="false"/>
						<line number="216" hits="26" branch="true" condition-coverage="100% (2/2)">
							<conditions>
								<condition number="0" type="jump" coverage="100%"/>
							</conditions>
						</line>
						<line number="218" hits="1" branch="false"/>
						<line number="219" hits="25" branch="true" condition-coverage="100% (2/2)">
							<conditions>
								<condition number="0" type="jump" coverage="100%"/>
							</conditions>
						</line>
						<line number="221" hits="9" branch="false"/>
						<line number="222" hits="9" branch="false"/>
						<line number="223" hits="9" branch="true" condition-coverage="100% (2/2)">
							<conditions>
								<condition number="0" type="jump" coverage="100%"/>
							</conditions>
						</line>
						<line number="224" hits="1" branch="false"/>
						<line number="226" hits="1" branch="false"/>
						<line number="229" hits="9" branch="true" condition-coverage="50% (1/2)">
							<conditions>
								<condition number="0" type="jump" coverage="50%"/>
							</conditions>
						</line>
						<line number="231" hits="0" branch="false"/>
						<line number="233" hits="9" branch="false"/>
						<line number="235" hits="0" branch="false"/>
						<line number="237" hits="9" branch="false"/>
						<line number="240" hits="46" branch="false"/>
						<line number="253" hits="0" branch="false"/>
						<line number="254" hits="0" branch="true" condition-coverage="0% (0/2)">
							<conditions>
								<condition number="0" type="jump" coverage="0%"/>
							</conditions>
						</line>
						<line number="256" hits="0" branch="false"/>
						<line number="258" hits="0" branch="false"/>
						<line number="260" hits="0" branch="false"/>
						<line number="261" hits="0" branch="true" condition-coverage="0% (0/2)">
							<conditions>
								<condition number="0" type="jump" coverage="0%"/>
							</conditions>
						</line>
						<line number="264" hits="0" branch="false"/>
						<line number="265" hits="0" branch="false"/>
						<line number="266" hits="0" branch="true" condition-coverage="0% (0/2)">
							<conditions>
								<condition number="0" type="jump" coverage="0%"/>
							</conditions>
						</line>
						<line number="267" hits="0" branch="false"/>
						<line number="268" hits="0" branch="false"/>
						<line number="269" hits="0" branch="false"/>
						<line number="271" hits="0" branch="false"/>
						<line number="274" hits="0" branch="false"/>
						<line number="276" hits="0" branch="false"/>
						<line number="277" hits="0" branch="false"/>
						<line number="278" hits="0" branch="true" condition-coverage="0% (0/2)">
							<conditions>
								<condition number="0" type="jump" coverage="0%"/>
							</conditions>
						</line>
						<line number="280" hits="0" branch="false"/>
						<line number="282" hits="0" branch="false"/>
						<line number="283" hits="0" branch="false"/>
						<line number="284" hits="0" branch="false"/>
						<line number="286" hits="0" branch="false"/>
						<line number="290" hits="0" branch="false"/>
						<line number="291" hits="0" branch="true" condition-coverage="0% (0/2)">
							<conditions>
								<condition number="0" type="jump" coverage="0%"/>
							</conditions>
						</line>
						<line number="292" hits="0" branch="false"/>
						<line number="293" hits="0" branch="true" condition-coverage="0% (0/2)">
							<conditions>
								<condition number="0" type="jump" coverage="0%"/>
							</conditions>
						</line>
						<line number="295" hits="0" branch="false"/>
					</lines>
				</class>
				<class name="info.bunji.jdbc.StatementProxy$1" filename="info/bunji/jdbc/StatementProxy.java" line-rate="1.0" branch-rate="1.0" complexity="7.5">
					<methods>
						<method name="&lt;init&gt;" signature="()V" line-rate="1.0" branch-rate="1.0" complexity="0">
							<lines>
								<line number="55" hits="1" branch="false"/>
								<line number="57" hits="1" branch="false"/>
								<line number="61" hits="1" branch="false"/>
								<line number="63" hits="1" branch="false"/>
								<line number="67" hits="1" branch="false"/>
								<line number="71" hits="1" branch="false"/>
								<line number="73" hits="1" branch="false"/>
								<line number="75" hits="1" branch="false"/>
								<line number="77" hits="1" branch="false"/>
								<line number="81" hits="1" branch="false"/>
								<line number="85" hits="1" branch="false"/>
								<line number="88" hits="1" branch="false"/>
								<line number="90" hits="1" branch="false"/>
								<line number="92" hits="1" branch="false"/>
								<line number="94" hits="1" branch="false"/>
								<line number="96" hits="1" branch="false"/>
								<line number="99" hits="1" branch="false"/>
								<line number="103" hits="1" branch="false"/>
								<line number="105" hits="1" branch="false"/>
								<line number="108" hits="1" branch="false"/>
								<line number="112" hits="1" branch="false"/>
								<line number="114" hits="1" branch="false"/>
								<line number="116" hits="1" branch="false"/>
								<line number="118" hits="1" branch="false"/>
								<line number="120" hits="1" branch="false"/>
								<line number="122" hits="1" branch="false"/>
								<line number="125" hits="1" branch="false"/>
								<line number="128" hits="1" branch="false"/>
								<line number="130" hits="1" branch="false"/>
								<line number="132" hits="1" branch="false"/>
								<line number="133" hits="1" branch="false"/>
							</lines>
						</method>
					</methods>
					<lines>
						<line number="55" hits="1" branch="false"/>
						<line number="57" hits="1" branch="false"/>
						<line number="61" hits="1" branch="false"/>
						<line number="63" hits="1" branch="false"/>
						<line number="67" hits="1" branch="false"/>
						<line number="71" hits="1" branch="false"/>
						<line number="73" hits="1" branch="false"/>
						<line number="75" hits="1" branch="false"/>
						<line number="77" hits="1" branch="false"/>
						<line number="81" hits="1" branch="false"/>
						<line number="85" hits="1" branch="false"/>
						<line number="88" hits="1" branch="false"/>
						<line number="90" hits="1" branch="false"/>
						<line number="92" hits="1" branch="false"/>
						<line number="94" hits="1" branch="false"/>
						<line number="96" hits="1" branch="false"/>
						<line number="99" hits="1" branch="false"/>
						<line number="103" hits="1" branch="false"/>
						<line number="105" hits="1" branch="false"/>
						<line number="108" hits="1" branch="false"/>
						<line number="112" hits="1" branch="false"/>
						<line number="114" hits="1" branch="false"/>
						<line number="116" hits="1" branch="false"/>
						<line number="118" hits="1" branch="false"/>
						<line number="120" hits="1" branch="false"/>
						<line number="122" hits="1" branch="false"/>
						<line number="125" hits="1" branch="false"/>
						<line number="128" hits="1" branch="false"/>
						<line number="130" hits="1" branch="false"/>
						<line number="132" hits="1" branch="false"/>
						<line number="133" hits="1" branch="false"/>
					</lines>
				</class>
			</classes>
		</package>
		<package name="info.bunji.jdbc.logger" line-rate="0.84" branch-rate="0.7727272727272727" complexity="1.4516129032258065">
			<classes>
				<class name="info.bunji.jdbc.logger.JdbcLogger" filename="info/bunji/jdbc/logger/JdbcLogger.java" line-rate="1.0" branch-rate="1.0" complexity="1.0">
					<methods>
					</methods>
					<lines>
					</lines>
				</class>
				<class name="info.bunji.jdbc.logger.JdbcLoggerFactory" filename="info/bunji/jdbc/logger/JdbcLoggerFactory.java" line-rate="0.8260869565217391" branch-rate="0.7727272727272727" complexity="2.272727272727273">
					<methods>
						<method name="&lt;clinit&gt;" signature="()V" line-rate="0.8181818181818182" branch-rate="1.0" complexity="0">
							<lines>
								<line number="84" hits="2" branch="false"/>
								<line number="86" hits="2" branch="false"/>
								<line number="90" hits="2" branch="false"/>
								<line number="93" hits="2" branch="false"/>
								<line number="96" hits="2" branch="false"/>
								<line number="99" hits="2" branch="false"/>
								<line number="100" hits="2" branch="false"/>
								<line number="101" hits="0" branch="false"/>
								<line number="105" hits="2" branch="false"/>
								<line number="106" hits="0" branch="false"/>
								<line number="107" hits="2" branch="false"/>
							</lines>
						</method>
						<method name="&lt;init&gt;" signature="()V" line-rate="1.0" branch-rate="1.0" complexity="0">
							<lines>
								<line number="114" hits="2" branch="false"/>
								<line number="116" hits="2" branch="false"/>
								<line number="117" hits="2" branch="false"/>
							</lines>
						</method>
						<method name="getLogger" signature="()Linfo/bunji/jdbc/logger/JdbcLogger;" line-rate="1.0" branch-rate="1.0" complexity="0">
							<lines>
								<line number="252" hits="12" branch="false"/>
							</lines>
						</method>
						<method name="getLogger" signature="(Ljava/lang/String;)Linfo/bunji/jdbc/logger/JdbcLogger;" line-rate="0.8333333333333334" branch-rate="0.75" complexity="0">
							<lines>
								<line number="204" hits="85" branch="false"/>
								<line number="205" hits="85" branch="false"/>
								<line number="206" hits="85" branch="true" condition-coverage="100% (2/2)">
									<conditions>
										<condition number="0" type="jump" coverage="100%"/>
									</conditions>
								</line>
								<line number="208" hits="3" branch="false"/>
								<line number="209" hits="3" branch="true" condition-coverage="50% (1/2)">
									<conditions>
										<condition number="0" type="jump" coverage="50%"/>
									</conditions>
								</line>
								<line number="211" hits="3" branch="false"/>
								<line number="213" hits="3" branch="false"/>
								<line number="214" hits="0" branch="false"/>
								<line number="215" hits="0" branch="false"/>
								<line number="216" hits="3" branch="false"/>
								<line number="218" hits="85" branch="false"/>
								<line number="219" hits="85" branch="false"/>
							</lines>
						</method>
						<method name="getLoggerConstructor" signature="()Ljava/lang/reflect/Constructor;" line-rate="0.7" branch-rate="0.5" complexity="0">
							<lines>
								<line number="128" hits="2" branch="false"/>
								<line number="136" hits="2" branch="false"/>
								<line number="137" hits="2" branch="true" condition-coverage="50% (1/2)">
									<conditions>
										<condition number="0" type="jump" coverage="50%"/>
									</conditions>
								</line>
								<line number="139" hits="2" branch="false"/>
								<line number="140" hits="2" branch="false"/>
								<line number="141" hits="2" branch="false"/>
								<line number="142" hits="0" branch="false"/>
								<line number="143" hits="0" branch="false"/>
								<line number="145" hits="0" branch="false"/>
								<line number="146" hits="2" branch="false"/>
							</lines>
						</method>
						<method name="getLoggerInstance" signature="(Ljava/lang/String;)Linfo/bunji/jdbc/logger/JdbcLogger;" line-rate="1.0" branch-rate="1.0" complexity="0">
							<lines>
								<line number="151" hits="3" branch="false"/>
							</lines>
						</method>
						<method name="getLoggerName" signature="(Ljava/lang/String;)Ljava/lang/String;" line-rate="0.8571428571428571" branch-rate="0.8" complexity="0">
							<lines>
								<line number="163" hits="170" branch="true" condition-coverage="100% (2/2)">
									<conditions>
										<condition number="0" type="jump" coverage="100%"/>
									</conditions>
								</line>
								<line number="164" hits="5" branch="false"/>
								<line number="167" hits="5" branch="false"/>
								<line number="170" hits="5" branch="false"/>
								<line number="171" hits="5" branch="false"/>
								<line number="172" hits="8" branch="true" condition-coverage="100% (2/2)">
									<conditions>
										<condition number="0" type="jump" coverage="100%"/>
									</conditions>
								</line>
								<line number="173" hits="5" branch="false"/>
								<line number="174" hits="5" branch="false"/>
								<line number="176" hits="5" branch="false"/>
								<line number="177" hits="5" branch="false"/>
								<line number="178" hits="5" branch="true" condition-coverage="50% (1/2)">
									<conditions>
										<condition number="0" type="jump" coverage="50%"/>
									</conditions>
								</line>
								<line number="179" hits="5" branch="false"/>
								<line number="180" hits="5" branch="true" condition-coverage="100% (2/2)">
									<conditions>
										<condition number="0" type="jump" coverage="100%"/>
									</conditions>
								</line>
								<line number="181" hits="2" branch="false"/>
								<line number="182" hits="2" branch="false"/>
								<line number="185" hits="3" branch="false"/>
								<line number="186" hits="0" branch="false"/>
								<line number="187" hits="0" branch="false"/>
								<line number="189" hits="5" branch="true" condition-coverage="50% (1/2)">
									<conditions>
										<condition number="0" type="jump" coverage="50%"/>
									</conditions>
								</line>
								<line number="190" hits="0" branch="false"/>
								<line number="192" hits="170" branch="false"/>
							</lines>
						</method>
						<method name="getLoggers" signature="()Ljava/util/List;" line-rate="1.0" branch-rate="1.0" complexity="0">
							<lines>
								<line number="263" hits="15" branch="false"/>
								<line number="264" hits="15" branch="true" condition-coverage="100% (2/2)">
									<conditions>
										<condition number="0" type="jump" coverage="100%"/>
									</conditions>
								</line>
								<line number="265" hits="30" branch="true" condition-coverage="100% (2/2)">
									<conditions>
										<condition number="0" type="jump" coverage="100%"/>
									</conditions>
								</line>
								<line number="266" hits="15" branch="false"/>
								<line number="268" hits="30" branch="false"/>
								<line number="269" hits="15" branch="false"/>
							</lines>
						</method>
						<method name="getSetting" signature="(Ljava/lang/String;)Ljava/util/Map;" line-rate="0.0" branch-rate="1.0" complexity="0">
							<lines>
								<line number="281" hits="0" branch="false"/>
							</lines>
						</method>
						<method name="hasLogger" signature="(Ljava/lang/String;)Z" line-rate="1.0" branch-rate="1.0" complexity="0">
							<lines>
								<line number="231" hits="85" branch="false"/>
							</lines>
						</method>
						<method name="hasValidLogger" signature="()Z" line-rate="1.0" branch-rate="0.5" complexity="0">
							<lines>
								<line number="241" hits="21" branch="true" condition-coverage="50% (1/2)">
									<conditions>
										<condition number="0" type="jump" coverage="50%"/>
									</conditions>
								</line>
							</lines>
						</method>
						<method name="printThrowable" signature="(Ljava/lang/Throwable;)V" line-rate="0.0" branch-rate="1.0" complexity="0">
							<lines>
								<line number="286" hits="0" branch="false"/>
							</lines>
						</method>
					</methods>
					<lines>
						<line number="84" hits="2" branch="false"/>
						<line number="86" hits="2" branch="false"/>
						<line number="90" hits="2" branch="false"/>
						<line number="93" hits="2" branch="false"/>
						<line number="96" hits="2" branch="false"/>
						<line number="99" hits="2" branch="false"/>
						<line number="100" hits="2" branch="false"/>
						<line number="101" hits="0" branch="false"/>
						<line number="105" hits="2" branch="false"/>
						<line number="106" hits="0" branch="false"/>
						<line number="107" hits="2" branch="false"/>
						<line number="114" hits="2" branch="false"/>
						<line number="116" hits="2" branch="false"/>
						<line number="117" hits="2" branch="false"/>
						<line number="128" hits="2" branch="false"/>
						<line number="136" hits="2" branch="false"/>
						<line number="137" hits="2" branch="true" condition-coverage="50% (1/2)">
							<conditions>
								<condition number="0" type="jump" coverage="50%"/>
							</conditions>
						</line>
						<line number="139" hits="2" branch="false"/>
						<line number="140" hits="2" branch="false"/>
						<line number="141" hits="2" branch="false"/>
						<line number="142" hits="0" branch="false"/>
						<line number="143" hits="0" branch="false"/>
						<line number="145" hits="0" branch="false"/>
						<line number="146" hits="2" branch="false"/>
						<line number="151" hits="3" branch="false"/>
						<line number="163" hits="170" branch="true" condition-coverage="100% (2/2)">
							<conditions>
								<condition number="0" type="jump" coverage="100%"/>
							</conditions>
						</line>
						<line number="164" hits="5" branch="false"/>
						<line number="167" hits="5" branch="false"/>
						<line number="170" hits="5" branch="false"/>
						<line number="171" hits="5" branch="false"/>
						<line number="172" hits="8" branch="true" condition-coverage="100% (2/2)">
							<conditions>
								<condition number="0" type="jump" coverage="100%"/>
							</conditions>
						</line>
						<line number="173" hits="5" branch="false"/>
						<line number="174" hits="5" branch="false"/>
						<line number="176" hits="5" branch="false"/>
						<line number="177" hits="5" branch="false"/>
						<line number="178" hits="5" branch="true" condition-coverage="50% (1/2)">
							<conditions>
								<condition number="0" type="jump" coverage="50%"/>
							</conditions>
						</line>
						<line number="179" hits="5" branch="false"/>
						<line number="180" hits="5" branch="true" condition-coverage="100% (2/2)">
							<conditions>
								<condition number="0" type="jump" coverage="100%"/>
							</conditions>
						</line>
						<line number="181" hits="2" branch="false"/>
						<line number="182" hits="2" branch="false"/>
						<line number="185" hits="3" branch="false"/>
						<line number="186" hits="0" branch="false"/>
						<line number="187" hits="0" branch="false"/>
						<line number="189" hits="5" branch="true" condition-coverage="50% (1/2)">
							<conditions>
								<condition number="0" type="jump" coverage="50%"/>
							</conditions>
						</line>
						<line number="190" hits="0" branch="false"/>
						<line number="192" hits="170" branch="false"/>
						<line number="204" hits="85" branch="false"/>
						<line number="205" hits="85" branch="false"/>
						<line number="206" hits="85" branch="true" condition-coverage="100% (2/2)">
							<conditions>
								<condition number="0" type="jump" coverage="100%"/>
							</conditions>
						</line>
						<line number="208" hits="3" branch="false"/>
						<line number="209" hits="3" branch="true" condition-coverage="50% (1/2)">
							<conditions>
								<condition number="0" type="jump" coverage="50%"/>
							</conditions>
						</line>
						<line number="211" hits="3" branch="false"/>
						<line number="213" hits="3" branch="false"/>
						<line number="214" hits="0" branch="false"/>
						<line number="215" hits="0" branch="false"/>
						<line number="216" hits="3" branch="false"/>
						<line number="218" hits="85" branch="false"/>
						<line number="219" hits="85" branch="false"/>
						<line number="231" hits="85" branch="false"/>
						<line number="241" hits="21" branch="true" condition-coverage="50% (1/2)">
							<conditions>
								<condition number="0" type="jump" coverage="50%"/>
							</conditions>
						</line>
						<line number="252" hits="12" branch="false"/>
						<line number="263" hits="15" branch="false"/>
						<line number="264" hits="15" branch="true" condition-coverage="100% (2/2)">
							<conditions>
								<condition number="0" type="jump" coverage="100%"/>
							</conditions>
						</line>
						<line number="265" hits="30" branch="true" condition-coverage="100% (2/2)">
							<conditions>
								<condition number="0" type="jump" coverage="100%"/>
							</conditions>
						</line>
						<line number="266" hits="15" branch="false"/>
						<line number="268" hits="30" branch="false"/>
						<line number="269" hits="15" branch="false"/>
						<line number="281" hits="0" branch="false"/>
						<line number="286" hits="0" branch="false"/>
					</lines>
				</class>
				<class name="info.bunji.jdbc.logger.JdbcLoggerFactory$1" filename="info/bunji/jdbc/logger/JdbcLoggerFactory.java" line-rate="1.0" branch-rate="1.0" complexity="2.272727272727273">
					<methods>
						<method name="&lt;init&gt;" signature="(Linfo/bunji/jdbc/logger/JdbcLoggerFactory;)V" line-rate="1.0" branch-rate="1.0" complexity="0">
							<lines>
								<line number="128" hits="2" branch="false"/>
								<line number="129" hits="2" branch="false"/>
								<line number="130" hits="2" branch="false"/>
								<line number="131" hits="2" branch="false"/>
								<line number="132" hits="2" branch="false"/>
								<line number="133" hits="2" branch="false"/>
							</lines>
						</method>
					</methods>
					<lines>
						<line number="128" hits="2" branch="false"/>
						<line number="129" hits="2" branch="false"/>
						<line number="130" hits="2" branch="false"/>
						<line number="131" hits="2" branch="false"/>
						<line number="132" hits="2" branch="false"/>
						<line number="133" hits="2" branch="false"/>
					</lines>
				</class>
			</classes>
		</package>
		<package name="info.bunji.jdbc.logger.impl" line-rate="0.9515570934256056" branch-rate="0.7238805970149254" complexity="2.0821917808219177">
			<classes>
				<class name="info.bunji.jdbc.logger.impl.AbstractJdbcLogger" filename="info/bunji/jdbc/logger/impl/AbstractJdbcLogger.java" line-rate="0.9235668789808917" branch-rate="0.72" complexity="4.2105263157894735">
					<methods>
						<method name="&lt;init&gt;" signature="(Ljava/lang/String;)V" line-rate="1.0" branch-rate="1.0" complexity="0">
							<lines>
								<line number="45" hits="46" branch="false"/>
								<line number="47" hits="46" branch="false"/>
								<line number="50" hits="46" branch="false"/>
								<line number="53" hits="46" branch="false"/>
								<line number="56" hits="46" branch="false"/>
								<line number="59" hits="46" branch="false"/>
								<line number="62" hits="46" branch="false"/>
								<line number="71" hits="46" branch="false"/>
								<line number="75" hits="46" branch="false"/>
								<line number="98" hits="46" branch="false"/>
								<line number="99" hits="46" branch="false"/>
								<line number="100" hits="46" branch="false"/>
								<line number="103" hits="46" branch="false"/>
								<line number="104" hits="46" branch="true" condition-coverage="100% (2/2)">
									<conditions>
										<condition number="0" type="jump" coverage="100%"/>
									</conditions>
								</line>
								<line number="105" hits="1" branch="false"/>
								<line number="107" hits="46" branch="false"/>
								<line number="108" hits="46" branch="true" condition-coverage="100% (2/2)">
									<conditions>
										<condition number="0" type="jump" coverage="100%"/>
									</conditions>
								</line>
								<line number="109" hits="1" branch="false"/>
								<line number="112" hits="46" branch="true" condition-coverage="100% (2/2)">
									<conditions>
										<condition number="0" type="jump" coverage="100%"/>
									</conditions>
								</line>
								<line number="113" hits="2" branch="false"/>
								<line number="115" hits="44" branch="false"/>
								<line number="117" hits="46" branch="false"/>
							</lines>
						</method>
						<method name="addExecStatement" signature="(Linfo/bunji/jdbc/LoggerHelper;)V" line-rate="1.0" branch-rate="1.0" complexity="0">
							<lines>
								<line number="214" hits="29" branch="false"/>
								<line number="215" hits="29" branch="false"/>
							</lines>
						</method>
						<method name="getConnectUrl" signature="()Ljava/lang/String;" line-rate="1.0" branch-rate="1.0" complexity="0">
							<lines>
								<line number="154" hits="13" branch="false"/>
							</lines>
						</method>
						<method name="getDispUrl" signature="()Ljava/lang/String;" line-rate="1.0" branch-rate="1.0" complexity="0">
							<lines>
								<line number="159" hits="5" branch="false"/>
							</lines>
						</method>
						<method name="getHistory" signature="()Ljava/util/List;" line-rate="0.36363636363636365" branch-rate="0.25" complexity="0">
							<lines>
								<line number="411" hits="1" branch="false"/>
								<line number="412" hits="1" branch="true" condition-coverage="50% (1/2)">
									<conditions>
										<condition number="0" type="jump" coverage="50%"/>
									</conditions>
								</line>
								<line number="413" hits="0" branch="false"/>
								<line number="414" hits="0" branch="true" condition-coverage="0% (0/2)">
									<conditions>
										<condition number="0" type="jump" coverage="0%"/>
									</conditions>
								</line>
								<line number="415" hits="0" branch="false"/>
								<line number="416" hits="0" branch="false"/>
								<line number="417" hits="0" branch="false"/>
								<line number="418" hits="0" branch="false"/>
								<line number="419" hits="0" branch="false"/>
								<line number="421" hits="1" branch="false"/>
								<line number="423" hits="1" branch="false"/>
							</lines>
						</method>
						<method name="getRunningQueries" signature="()Ljava/util/List;" line-rate="1.0" branch-rate="0.75" complexity="0">
							<lines>
								<line number="392" hits="2" branch="false"/>
								<line number="393" hits="2" branch="false"/>
								<line number="394" hits="2" branch="true" condition-coverage="100% (2/2)">
									<conditions>
										<condition number="0" type="jump" coverage="100%"/>
									</conditions>
								</line>
								<line number="395" hits="1" branch="true" condition-coverage="50% (1/2)">
									<conditions>
										<condition number="0" type="jump" coverage="50%"/>
									</conditions>
								</line>
								<line number="398" hits="1" branch="false"/>
								<line number="399" hits="1" branch="false"/>
								<line number="400" hits="1" branch="false"/>
								<line number="401" hits="2" branch="false"/>
								<line number="402" hits="2" branch="false"/>
							</lines>
						</method>
						<method name="getSetting" signature="()Ljava/util/Map;" line-rate="1.0" branch-rate="1.0" complexity="0">
							<lines>
								<line number="334" hits="32" branch="false"/>
								<line number="336" hits="32" branch="false"/>
								<line number="337" hits="32" branch="true" condition-coverage="100% (2/2)">
									<conditions>
										<condition number="0" type="jump" coverage="100%"/>
									</conditions>
								</line>
								<line number="338" hits="32" branch="true" condition-coverage="100% (2/2)">
									<conditions>
										<condition number="0" type="jump" coverage="100%"/>
									</conditions>
								</line>
								<line number="339" hits="32" branch="false"/>
								<line number="340" hits="32" branch="false"/>
								<line number="341" hits="32" branch="false"/>
								<line number="342" hits="32" branch="false"/>
								<line number="345" hits="32" branch="false"/>
							</lines>
						</method>
						<method name="getSpecifics" signature="()Linfo/bunji/jdbc/specifics/RdbmsSpecifics;" line-rate="1.0" branch-rate="1.0" complexity="0">
							<lines>
								<line number="145" hits="31" branch="false"/>
							</lines>
						</method>
						<method name="isConnectionLogging" signature="()Z" line-rate="1.0" branch-rate="0.5" complexity="0">
							<lines>
								<line number="135" hits="40" branch="false"/>
								<line number="136" hits="40" branch="true" condition-coverage="50% (1/2)">
									<conditions>
										<condition number="0" type="jump" coverage="50%"/>
									</conditions>
								</line>
							</lines>
						</method>
						<method name="isLogging" signature="(Ljava/lang/String;J)Z" line-rate="0.8" branch-rate="0.5" complexity="0">
							<lines>
								<line number="236" hits="31" branch="true" condition-coverage="75% (3/4)">
									<conditions>
										<condition number="0" type="jump" coverage="100%"/>
										<condition number="1" type="jump" coverage="50%"/>
									</conditions>
								</line>
								<line number="237" hits="31" branch="true" condition-coverage="50% (2/4)">
									<conditions>
										<condition number="0" type="jump" coverage="50%"/>
										<condition number="1" type="jump" coverage="50%"/>
									</conditions>
								</line>
								<line number="238" hits="31" branch="true" condition-coverage="25% (1/4)">
									<conditions>
										<condition number="0" type="jump" coverage="50%"/>
										<condition number="1" type="jump" coverage="0%"/>
									</conditions>
								</line>
								<line number="239" hits="31" branch="false"/>
								<line number="243" hits="0" branch="false"/>
							</lines>
						</method>
						<method name="makeLoggerName" signature="(Ljava/lang/String;)Ljava/lang/String;" line-rate="1.0" branch-rate="0.75" complexity="0">
							<lines>
								<line number="120" hits="35" branch="false"/>
								<line number="123" hits="35" branch="true" condition-coverage="75% (3/4)">
									<conditions>
										<condition number="0" type="jump" coverage="50%"/>
										<condition number="1" type="jump" coverage="100%"/>
									</conditions>
								</line>
								<line number="124" hits="34" branch="false"/>
								<line number="126" hits="35" branch="false"/>
							</lines>
						</method>
						<method name="removeExecStatement" signature="(Linfo/bunji/jdbc/LoggerHelper;)V" line-rate="1.0" branch-rate="1.0" complexity="0">
							<lines>
								<line number="223" hits="70" branch="false"/>
								<line number="224" hits="70" branch="false"/>
							</lines>
						</method>
						<method name="reportException" signature="(Linfo/bunji/jdbc/LoggerHelper;Ljava/lang/Throwable;[Ljava/lang/Object;)V" line-rate="0.9523809523809523" branch-rate="0.8" complexity="0">
							<lines>
								<line number="297" hits="2" branch="true" condition-coverage="50% (1/2)">
									<conditions>
										<condition number="0" type="jump" coverage="50%"/>
									</conditions>
								</line>
								<line number="299" hits="2" branch="true" condition-coverage="100% (2/2)">
									<conditions>
										<condition number="0" type="jump" coverage="100%"/>
									</conditions>
								</line>
								<line number="300" hits="1" branch="false"/>
								<line number="301" hits="1" branch="false"/>
								<line number="302" hits="1" branch="false"/>
								<line number="303" hits="4" branch="true" condition-coverage="100% (2/2)">
									<conditions>
										<condition number="0" type="jump" coverage="100%"/>
									</conditions>
								</line>
								<line number="304" hits="3" branch="false"/>
								<line number="305" hits="3" branch="true" condition-coverage="100% (2/2)">
									<conditions>
										<condition number="0" type="jump" coverage="100%"/>
[...]
						<line number="69" hits="2" branch="false"/>
						<line number="70" hits="0" branch="false"/>
						<line number="71" hits="0" branch="false"/>
						<line number="72" hits="0" branch="false"/>
						<line number="73" hits="2" branch="false"/>
						<line number="74" hits="2" branch="false"/>
						<line number="80" hits="10" branch="false"/>
						<line number="83" hits="10" branch="true" condition-coverage="100% (2/2)">
							<conditions>
								<condition number="0" type="jump" coverage="100%"/>
							</conditions>
						</line>
						<line number="84" hits="10" branch="false"/>
						<line number="85" hits="10" branch="false"/>
						<line number="86" hits="10" branch="true" condition-coverage="50% (1/2)">
							<conditions>
								<condition number="0" type="jump" coverage="50%"/>
							</conditions>
						</line>
						<line number="88" hits="10" branch="false"/>
						<line number="90" hits="10" branch="false"/>
						<line number="93" hits="10" branch="false"/>
						<line number="94" hits="10" branch="false"/>
						<line number="95" hits="10" branch="false"/>
						<line number="96" hits="10" branch="false"/>
						<line number="99" hits="12" branch="false"/>
						<line number="100" hits="12" branch="true" condition-coverage="100% (2/2)">
							<conditions>
								<condition number="0" type="jump" coverage="100%"/>
							</conditions>
						</line>
						<line number="101" hits="12" branch="false"/>
						<line number="102" hits="12" branch="false"/>
						<line number="103" hits="12" branch="false"/>
					</lines>
				</class>
			</classes>
		</package>
		<package name="info.bunji.jdbc.specifics" line-rate="1.0" branch-rate="1.0" complexity="2.75">
			<classes>
				<class name="info.bunji.jdbc.specifics.DefaultRdbmsSpecifics" filename="info/bunji/jdbc/specifics/DefaultRdbmsSpecifics.java" line-rate="1.0" branch-rate="1.0" complexity="3.5">
					<methods>
						<method name="&lt;init&gt;" signature="()V" line-rate="1.0" branch-rate="1.0" complexity="0">
							<lines>
								<line number="25" hits="49" branch="false"/>
								<line number="27" hits="49" branch="false"/>
							</lines>
						</method>
						<method name="escapeString" signature="(Ljava/lang/String;)Ljava/lang/String;" line-rate="1.0" branch-rate="1.0" complexity="0">
							<lines>
								<line number="59" hits="9" branch="false"/>
								<line number="60" hits="66" branch="true" condition-coverage="100% (2/2)">
									<conditions>
										<condition number="0" type="jump" coverage="100%"/>
									</conditions>
								</line>
								<line number="61" hits="57" branch="false"/>
								<line number="62" hits="57" branch="true" condition-coverage="100% (2/2)">
									<conditions>
										<condition number="0" type="jump" coverage="100%"/>
									</conditions>
								</line>
								<line number="63" hits="1" branch="false"/>
								<line number="65" hits="57" branch="false"/>
								<line number="67" hits="9" branch="false"/>
							</lines>
						</method>
						<method name="formatParameterObject" signature="(Ljava/lang/Object;)Ljava/lang/String;" line-rate="1.0" branch-rate="1.0" complexity="0">
							<lines>
								<line number="35" hits="20" branch="true" condition-coverage="100% (2/2)">
									<conditions>
										<condition number="0" type="jump" coverage="100%"/>
									</conditions>
								</line>
								<line number="36" hits="3" branch="false"/>
								<line number="38" hits="17" branch="true" condition-coverage="100% (2/2)">
									<conditions>
										<condition number="0" type="jump" coverage="100%"/>
									</conditions>
								</line>
								<line number="39" hits="9" branch="false"/>
								<line number="40" hits="8" branch="true" condition-coverage="100% (2/2)">
									<conditions>
										<condition number="0" type="jump" coverage="100%"/>
									</conditions>
								</line>
								<line number="41" hits="5" branch="false"/>
								<line number="42" hits="5" branch="false"/>
								<line number="43" hits="5" branch="false"/>
								<line number="45" hits="3" branch="false"/>
								<line number="48" hits="20" branch="false"/>
							</lines>
						</method>
					</methods>
					<lines>
						<line number="25" hits="49" branch="false"/>
						<line number="27" hits="49" branch="false"/>
						<line number="35" hits="20" branch="true" condition-coverage="100% (2/2)">
							<conditions>
								<condition number="0" type="jump" coverage="100%"/>
							</conditions>
						</line>
						<line number="36" hits="3" branch="false"/>
						<line number="38" hits="17" branch="true" condition-coverage="100% (2/2)">
							<conditions>
								<condition number="0" type="jump" coverage="100%"/>
							</conditions>
						</line>
						<line number="39" hits="9" branch="false"/>
						<line number="40" hits="8" branch="true" condition-coverage="100% (2/2)">
							<conditions>
								<condition number="0" type="jump" coverage="100%"/>
							</conditions>
						</line>
						<line number="41" hits="5" branch="false"/>
						<line number="42" hits="5" branch="false"/>
						<line number="43" hits="5" branch="false"/>
						<line number="45" hits="3" branch="false"/>
						<line number="48" hits="20" branch="false"/>
						<line number="59" hits="9" branch="false"/>
						<line number="60" hits="66" branch="true" condition-coverage="100% (2/2)">
							<conditions>
								<condition number="0" type="jump" coverage="100%"/>
							</conditions>
						</line>
						<line number="61" hits="57" branch="false"/>
						<line number="62" hits="57" branch="true" condition-coverage="100% (2/2)">
							<conditions>
								<condition number="0" type="jump" coverage="100%"/>
							</conditions>
						</line>
						<line number="63" hits="1" branch="false"/>
						<line number="65" hits="57" branch="false"/>
						<line number="67" hits="9" branch="false"/>
					</lines>
				</class>
				<class name="info.bunji.jdbc.specifics.OracleRdbmsSpecifics" filename="info/bunji/jdbc/specifics/OracleRdbmsSpecifics.java" line-rate="1.0" branch-rate="1.0" complexity="3.0">
					<methods>
						<method name="&lt;init&gt;" signature="()V" line-rate="1.0" branch-rate="1.0" complexity="0">
							<lines>
								<line number="26" hits="3" branch="false"/>
								<line number="28" hits="3" branch="false"/>
								<line number="30" hits="3" branch="false"/>
							</lines>
						</method>
						<method name="formatParameterObject" signature="(Ljava/lang/Object;)Ljava/lang/String;" line-rate="1.0" branch-rate="1.0" complexity="0">
							<lines>
								<line number="35" hits="4" branch="true" condition-coverage="100% (2/2)">
									<conditions>
										<condition number="0" type="jump" coverage="100%"/>
									</conditions>
								</line>
								<line number="36" hits="1" branch="false"/>
								<line number="37" hits="1" branch="false"/>
								<line number="38" hits="1" branch="false"/>
								<line number="39" hits="3" branch="true" condition-coverage="100% (2/2)">
									<conditions>
										<condition number="0" type="jump" coverage="100%"/>
									</conditions>
								</line>
								<line number="40" hits="1" branch="false"/>
								<line number="41" hits="1" branch="false"/>
								<line number="42" hits="1" branch="false"/>
								<line number="44" hits="2" branch="false"/>
								<line number="46" hits="4" branch="false"/>
							</lines>
						</method>
					</methods>
					<lines>
						<line number="26" hits="3" branch="false"/>
						<line number="28" hits="3" branch="false"/>
						<line number="30" hits="3" branch="false"/>
						<line number="35" hits="4" branch="true" condition-coverage="100% (2/2)">
							<conditions>
								<condition number="0" type="jump" coverage="100%"/>
							</conditions>
						</line>
						<line number="36" hits="1" branch="false"/>
						<line number="37" hits="1" branch="false"/>
						<line number="38" hits="1" branch="false"/>
						<line number="39" hits="3" branch="true" condition-coverage="100% (2/2)">
							<conditions>
								<condition number="0" type="jump" coverage="100%"/>
							</conditions>
						</line>
						<line number="40" hits="1" branch="false"/>
						<line number="41" hits="1" branch="false"/>
						<line number="42" hits="1" branch="false"/>
						<line number="44" hits="2" branch="false"/>
						<line number="46" hits="4" branch="false"/>
					</lines>
				</class>
				<class name="info.bunji.jdbc.specifics.RdbmsSpecifics" filename="info/bunji/jdbc/specifics/RdbmsSpecifics.java" line-rate="1.0" branch-rate="1.0" complexity="1.0">
					<methods>
					</methods>
					<lines>
					</lines>
				</class>
			</classes>
		</package>
		<package name="info.bunji.jdbc.util" line-rate="0.9482758620689655" branch-rate="0.9583333333333334" complexity="6.0">
			<classes>
				<class name="info.bunji.jdbc.util.ClassScanUtil" filename="info/bunji/jdbc/util/ClassScanUtil.java" line-rate="0.9782608695652174" branch-rate="0.9545454545454546" complexity="7.5">
					<methods>
						<method name="&lt;clinit&gt;" signature="()V" line-rate="1.0" branch-rate="1.0" complexity="0">
							<lines>
								<line number="38" hits="1" branch="false"/>
							</lines>
						</method>
						<method name="&lt;init&gt;" signature="()V" line-rate="0.0" branch-rate="1.0" complexity="0">
							<lines>
								<line number="36" hits="0" branch="false"/>
							</lines>
						</method>
						<method name="findClassesFromPackage" signature="(Ljava/lang/ClassLoader;Ljava/lang/String;)Ljava/util/List;" line-rate="1.0" branch-rate="0.9545454545454546" complexity="0">
							<lines>
								<line number="54" hits="4" branch="false"/>
								<line number="56" hits="4" branch="false"/>
								<line number="57" hits="4" branch="false"/>
								<line number="59" hits="10" branch="true" condition-coverage="100% (2/2)">
									<conditions>
										<condition number="0" type="jump" coverage="100%"/>
									</conditions>
								</line>
								<line number="60" hits="6" branch="false"/>
								<line number="61" hits="6" branch="true" condition-coverage="100% (2/2)">
									<conditions>
										<condition number="0" type="jump" coverage="100%"/>
									</conditions>
								</line>
								<line number="63" hits="2" branch="false"/>
								<line number="64" hits="2" branch="false"/>
								<line number="66" hits="2" branch="false"/>
								<line number="68" hits="2" branch="false"/>
								<line number="69" hits="262" branch="true" condition-coverage="100% (2/2)">
									<conditions>
										<condition number="0" type="jump" coverage="100%"/>
									</conditions>
								</line>
								<line number="70" hits="260" branch="false"/>
								<line number="71" hits="260" branch="true" condition-coverage="100% (4/4)">
									<conditions>
										<condition number="0" type="jump" coverage="100%"/>
										<condition number="1" type="jump" coverage="100%"/>
									</conditions>
								</line>
								<line number="72" hits="31" branch="false"/>
								<line number="73" hits="31" branch="false"/>
								<line number="74" hits="31" branch="true" condition-coverage="100% (2/2)">
									<conditions>
										<condition number="0" type="jump" coverage="100%"/>
									</conditions>
								</line>
								<line number="76" hits="9" branch="false"/>
								<line number="77" hits="9" branch="false"/>
								<line number="78" hits="9" branch="false"/>
								<line number="79" hits="9" branch="false"/>
								<line number="82" hits="260" branch="false"/>
								<line number="84" hits="2" branch="false"/>
								<line number="85" hits="2" branch="false"/>
								<line number="86" hits="2" branch="false"/>
								<line number="87" hits="4" branch="false"/>
								<line number="88" hits="4" branch="false"/>
								<line number="89" hits="4" branch="true" condition-coverage="50% (1/2)">
									<conditions>
										<condition number="0" type="jump" coverage="50%"/>
									</conditions>
								</line>
								<line number="90" hits="27" branch="true" condition-coverage="100% (2/2)">
									<conditions>
										<condition number="0" type="jump" coverage="100%"/>
									</conditions>
								</line>
								<line number="91" hits="23" branch="false"/>
								<line number="92" hits="23" branch="true" condition-coverage="100% (2/2)">
									<conditions>
										<condition number="0" type="jump" coverage="100%"/>
									</conditions>
								</line>
								<line number="93" hits="17" branch="false"/>
								<line number="95" hits="17" branch="false"/>
								<line number="96" hits="17" branch="false"/>
								<line number="97" hits="17" branch="false"/>
								<line number="98" hits="17" branch="false"/>
								<line number="103" hits="6" branch="false"/>
								<line number="106" hits="4" branch="false"/>
								<line number="107" hits="30" branch="true" condition-coverage="100% (2/2)">
									<conditions>
										<condition number="0" type="jump" coverage="100%"/>
									</conditions>
								</line>
								<line number="108" hits="26" branch="false"/>
								<line number="109" hits="26" branch="true" condition-coverage="100% (2/2)">
									<conditions>
										<condition number="0" type="jump" coverage="100%"/>
									</conditions>
								</line>
								<line number="110" hits="1" branch="false"/>
								<line number="112" hits="26" branch="false"/>
								<line number="113" hits="4" branch="false"/>
							</lines>
						</method>
						<method name="findClassesFromPackage" signature="(Ljava/lang/String;)Ljava/util/List;" line-rate="1.0" branch-rate="1.0" complexity="0">
							<lines>
								<line number="47" hits="4" branch="false"/>
							</lines>
						</method>
					</methods>
					<lines>
						<line number="36" hits="0" branch="false"/>
						<line number="38" hits="1" branch="false"/>
						<line number="47" hits="4" branch="false"/>
						<line number="54" hits="4" branch="false"/>
						<line number="56" hits="4" branch="false"/>
						<line number="57" hits="4" branch="false"/>
						<line number="59" hits="10" branch="true" condition-coverage="100% (2/2)">
							<conditions>
								<condition number="0" type="jump" coverage="100%"/>
							</conditions>
						</line>
						<line number="60" hits="6" branch="false"/>
						<line number="61" hits="6" branch="true" condition-coverage="100% (2/2)">
							<conditions>
								<condition number="0" type="jump" coverage="100%"/>
							</conditions>
						</line>
						<line number="63" hits="2" branch="false"/>
						<line number="64" hits="2" branch="false"/>
						<line number="66" hits="2" branch="false"/>
						<line number="68" hits="2" branch="false"/>
						<line number="69" hits="262" branch="true" condition-coverage="100% (2/2)">
							<conditions>
								<condition number="0" type="jump" coverage="100%"/>
							</conditions>
						</line>
						<line number="70" hits="260" branch="false"/>
						<line number="71" hits="260" branch="true" condition-coverage="100% (4/4)">
							<conditions>
								<condition number="0" type="jump" coverage="100%"/>
								<condition number="1" type="jump" coverage="100%"/>
							</conditions>
						</line>
						<line number="72" hits="31" branch="false"/>
						<line number="73" hits="31" branch="false"/>
						<line number="74" hits="31" branch="true" condition-coverage="100% (2/2)">
							<conditions>
								<condition number="0" type="jump" coverage="100%"/>
							</conditions>
						</line>
						<line number="76" hits="9" branch="false"/>
						<line number="77" hits="9" branch="false"/>
						<line number="78" hits="9" branch="false"/>
						<line number="79" hits="9" branch="false"/>
						<line number="82" hits="260" branch="false"/>
						<line number="84" hits="2" branch="false"/>
						<line number="85" hits="2" branch="false"/>
						<line number="86" hits="2" branch="false"/>
						<line number="87" hits="4" branch="false"/>
						<line number="88" hits="4" branch="false"/>
						<line number="89" hits="4" branch="true" condition-coverage="50% (1/2)">
							<conditions>
								<condition number="0" type="jump" coverage="50%"/>
							</conditions>
						</line>
						<line number="90" hits="27" branch="true" condition-coverage="100% (2/2)">
							<conditions>
								<condition number="0" type="jump" coverage="100%"/>
							</conditions>
						</line>
						<line number="91" hits="23" branch="false"/>
						<line number="92" hits="23" branch="true" condition-coverage="100% (2/2)">
							<conditions>
								<condition number="0" type="jump" coverage="100%"/>
							</conditions>
						</line>
						<line number="93" hits="17" branch="false"/>
						<line number="95" hits="17" branch="false"/>
						<line number="96" hits="17" branch="false"/>
						<line number="97" hits="17" branch="false"/>
						<line number="98" hits="17" branch="false"/>
						<line number="103" hits="6" branch="false"/>
						<line number="106" hits="4" branch="false"/>
						<line number="107" hits="30" branch="true" condition-coverage="100% (2/2)">
							<conditions>
								<condition number="0" type="jump" coverage="100%"/>
							</conditions>
						</line>
						<line number="108" hits="26" branch="false"/>
						<line number="109" hits="26" branch="true" condition-coverage="100% (2/2)">
							<conditions>
								<condition number="0" type="jump" coverage="100%"/>
							</conditions>
						</line>
						<line number="110" hits="1" branch="false"/>
						<line number="112" hits="26" branch="false"/>
						<line number="113" hits="4" branch="false"/>
					</lines>
				</class>
				<class name="info.bunji.jdbc.util.FormatUtils" filename="info/bunji/jdbc/util/FormatUtils.java" line-rate="0.8333333333333334" branch-rate="1.0" complexity="3.0">
					<methods>
						<method name="&lt;clinit&gt;" signature="()V" line-rate="0.8" branch-rate="1.0" complexity="0">
							<lines>
								<line number="27" hits="1" branch="false"/>
								<line number="31" hits="1" branch="false"/>
								<line number="32" hits="0" branch="false"/>
								<line number="34" hits="1" branch="false"/>
								<line number="35" hits="1" branch="false"/>
							</lines>
						</method>
						<method name="&lt;init&gt;" signature="()V" line-rate="0.0" branch-rate="1.0" complexity="0">
							<lines>
								<line number="25" hits="0" branch="false"/>
							</lines>
						</method>
						<method name="formatSql" signature="(Ljava/lang/String;)Ljava/lang/String;" line-rate="1.0" branch-rate="1.0" complexity="0">
							<lines>
								<line number="45" hits="3" branch="false"/>
								<line number="47" hits="3" branch="true" condition-coverage="100% (2/2)">
									<conditions>
										<condition number="0" type="jump" coverage="100%"/>
									</conditions>
								</line>
								<line number="48" hits="2" branch="false"/>
								<line number="50" hits="1" branch="false"/>
								<line number="52" hits="2" branch="false"/>
								<line number="53" hits="3" branch="false"/>
							</lines>
						</method>
					</methods>
					<lines>
						<line number="25" hits="0" branch="false"/>
						<line number="27" hits="1" branch="false"/>
						<line number="31" hits="1" branch="false"/>
						<line number="32" hits="0" branch="false"/>
						<line number="34" hits="1" branch="false"/>
						<line number="35" hits="1" branch="false"/>
						<line number="45" hits="3" branch="false"/>
						<line number="47" hits="3" branch="true" condition-coverage="100% (2/2)">
							<conditions>
								<condition number="0" type="jump" coverage="100%"/>
							</conditions>
						</line>
						<line number="48" hits="2" branch="false"/>
						<line number="50" hits="1" branch="false"/>
						<line number="52" hits="2" branch="false"/>
						<line number="53" hits="3" branch="false"/>
					</lines>
				</class>
			</classes>
		</package>
	</packages>
</coverage>
